#
# There is insufficient memory for the Java Runtime Environment to continue.
# Native memory allocation (malloc) failed to allocate 241056 bytes for Chunk::new
# Possible reasons:
#   The system is out of physical RAM or swap space
#   The process is running with CompressedOops enabled, and the Java Heap may be blocking the growth of the native heap
# Possible solutions:
#   Reduce memory load on the system
#   Increase physical memory or swap space
#   Check if swap backing store is full
#   Decrease Java heap size (-Xmx/-Xms)
#   Decrease number of Java threads
#   Decrease Java thread stack sizes (-Xss)
#   Set larger code cache with -XX:ReservedCodeCacheSize=
#   JVM is running with Unscaled Compressed Oops mode in which the Java heap is
#     placed in the first 4GB address space. The Java Heap base address is the
#     maximum limit for the native heap growth. Please use -XX:HeapBaseMinAddress
#     to set the Java Heap base and to place the Java Heap above 4GB virtual address.
# This output file may be truncated or incomplete.
#
#  Out of Memory Error (t:/workspace/open/src/hotspot/share/memory/arena.cpp:197), pid=13660, tid=13740
#
# JRE version: Java(TM) SE Runtime Environment (11.0.3+12) (build 11.0.3+12-LTS)
# Java VM: Java HotSpot(TM) 64-Bit Server VM (11.0.3+12-LTS, mixed mode, tiered, compressed oops, g1 gc, windows-amd64)
# No core dump will be written. Minidumps are not enabled by default on client versions of Windows
#

---------------  S U M M A R Y ------------

Command Line: --module-path=D:\Programok\Java_11\javafx-sdk-11.0.2\lib --add-modules=javafx.controls,javafx.fxml --add-modules=javafx.base,javafx.graphics --add-reads=javafx.base=ALL-UNNAMED --add-reads=javafx.graphics=ALL-UNNAMED -javaagent:D:\Programok\IntelliJ IDEA Community Edition 2019.1.1\lib\idea_rt.jar=58926:D:\Programok\IntelliJ IDEA Community Edition 2019.1.1\bin -Dfile.encoding=UTF-8 sample.Main

Host: Intel(R) Core(TM) i5-7200U CPU @ 2.50GHz, 4 cores, 7G,  Windows 10 , 64 bit Build 17134 (10.0.17134.648)
Time: Sat Apr 20 18:21:27 2019 Central Europe Daylight Time elapsed time: 0 seconds (0d 0h 0m 0s)

---------------  T H R E A D  ---------------

Current thread (0x0000013dbe027000):  JavaThread "C2 CompilerThread0" daemon [_thread_in_native, id=13740, stack(0x0000001dd5f00000,0x0000001dd6000000)]


Current CompileTask:
C2:    545  308       4       jdk.internal.module.Checks::isTypeName (49 bytes)

Stack: [0x0000001dd5f00000,0x0000001dd6000000]
Native frames: (J=compiled Java code, j=interpreted, Vv=VM code, C=native code)
V  [jvm.dll+0x63582a]
V  [jvm.dll+0x77360f]
V  [jvm.dll+0x774cba]
V  [jvm.dll+0x775373]
V  [jvm.dll+0x25e9c8]
V  [jvm.dll+0xc21d1]
V  [jvm.dll+0xc275c]
V  [jvm.dll+0x2cf734]
V  [jvm.dll+0x5522cf]
V  [jvm.dll+0x21a9bf]
V  [jvm.dll+0x2178f6]
V  [jvm.dll+0x194300]
V  [jvm.dll+0x2269df]
V  [jvm.dll+0x224fe8]
V  [jvm.dll+0x738aed]
V  [jvm.dll+0x6348c2]
C  [ucrtbase.dll+0x1e3fe]
C  [KERNEL32.DLL+0x13dc4]
C  [ntdll.dll+0x73691]


---------------  P R O C E S S  ---------------

Threads class SMR info:
_java_thread_list=0x0000013dbf545a30, length=12, elements={
0x0000013d9fcfb000, 0x0000013dbe008000, 0x0000013dbe013000, 0x0000013dbe973000,
0x0000013dbe023800, 0x0000013dbe027000, 0x0000013dbe9b4000, 0x0000013dbe9bd000,
0x0000013dbeae4800, 0x0000013dbeb44000, 0x0000013dbf5ef800, 0x0000013dbf5f0000
}

Java Threads: ( => current thread )
  0x0000013d9fcfb000 JavaThread "main" [_thread_blocked, id=9324, stack(0x0000001dd5400000,0x0000001dd5500000)]
  0x0000013dbe008000 JavaThread "Reference Handler" daemon [_thread_blocked, id=5676, stack(0x0000001dd5b00000,0x0000001dd5c00000)]
  0x0000013dbe013000 JavaThread "Finalizer" daemon [_thread_blocked, id=10524, stack(0x0000001dd5c00000,0x0000001dd5d00000)]
  0x0000013dbe973000 JavaThread "Signal Dispatcher" daemon [_thread_blocked, id=13396, stack(0x0000001dd5d00000,0x0000001dd5e00000)]
  0x0000013dbe023800 JavaThread "Attach Listener" daemon [_thread_blocked, id=8820, stack(0x0000001dd5e00000,0x0000001dd5f00000)]
=>0x0000013dbe027000 JavaThread "C2 CompilerThread0" daemon [_thread_in_native, id=13740, stack(0x0000001dd5f00000,0x0000001dd6000000)]
  0x0000013dbe9b4000 JavaThread "C1 CompilerThread0" daemon [_thread_blocked, id=14024, stack(0x0000001dd6000000,0x0000001dd6100000)]
  0x0000013dbe9bd000 JavaThread "Sweeper thread" daemon [_thread_blocked, id=8420, stack(0x0000001dd6100000,0x0000001dd6200000)]
  0x0000013dbeae4800 JavaThread "Common-Cleaner" daemon [_thread_blocked, id=14016, stack(0x0000001dd6200000,0x0000001dd6300000)]
  0x0000013dbeb44000 JavaThread "C2 CompilerThread1" daemon [_thread_in_native, id=14168, stack(0x0000001dd6300000,0x0000001dd6400000)]
  0x0000013dbf5ef800 JavaThread "Monitor Ctrl-Break" daemon [_thread_blocked, id=14172, stack(0x0000001dd6400000,0x0000001dd6500000)]
  0x0000013dbf5f0000 JavaThread "Service Thread" daemon [_thread_blocked, id=14176, stack(0x0000001dd6500000,0x0000001dd6600000)]

Other Threads:
  0x0000013dbdfe1000 VMThread "VM Thread" [stack: 0x0000001dd5a00000,0x0000001dd5b00000] [id=13516]
  0x0000013dbf5f9800 WatcherThread [stack: 0x0000001dd6600000,0x0000001dd6700000] [id=14180]
  0x0000013d9fd13800 GCTaskThread "GC Thread#0" [stack: 0x0000001dd5500000,0x0000001dd5600000] [id=13844]
  0x0000013dbf600800 GCTaskThread "GC Thread#1" [stack: 0x0000001dd6700000,0x0000001dd6800000] [id=13236]
  0x0000013dbeb7d800 GCTaskThread "GC Thread#2" [stack: 0x0000001dd6800000,0x0000001dd6900000] [id=3848]
  0x0000013d9fd42000 ConcurrentGCThread "G1 Main Marker" [stack: 0x0000001dd5600000,0x0000001dd5700000] [id=13812]
  0x0000013d9fd45800 ConcurrentGCThread "G1 Conc#0" [stack: 0x0000001dd5700000,0x0000001dd5800000] [id=13796]
  0x0000013dbde50800 ConcurrentGCThread "G1 Refine#0" [stack: 0x0000001dd5800000,0x0000001dd5900000] [id=13392]
  0x0000013d9fdc4800 ConcurrentGCThread "G1 Young RemSet Sampling" [stack: 0x0000001dd5900000,0x0000001dd5a00000] [id=13656]

Threads with active compile tasks:
C2 CompilerThread0 308       4       jdk.internal.module.Checks::isTypeName (49 bytes)
C2 CompilerThread1 307       4       java.util.stream.ReferencePipeline$3$1::accept (23 bytes)

VM state:at safepoint (normal execution)

VM Mutex/Monitor currently owned by a thread:  ([mutex/lock_event])
[0x0000013d9fcf9960] Threads_lock - owner thread: 0x0000013dbdfe1000
[0x0000013d9fcf98d0] Heap_lock - owner thread: 0x0000013dbf5ef800

Heap address: 0x0000000082000000, size: 2016 MB, Compressed Oops mode: 32-bit
Narrow klass base: 0x0000000000000000, Narrow klass shift: 3
Compressed class space size: 1073741824 Address: 0x0000000100000000

Heap:
 garbage-first heap   total 129024K, used 1996K [0x0000000082000000, 0x0000000100000000)
  region size 1024K, 2 young (2048K), 2 survivors (2048K)
 Metaspace       used 7268K, capacity 7342K, committed 7424K, reserved 1071104K
  class space    used 660K, capacity 701K, committed 768K, reserved 1048576K
Heap Regions: E=young(eden), S=young(survivor), O=old, HS=humongous(starts), HC=humongous(continues), CS=collection set, F=free, A=archive, TAMS=top-at-mark-start (previous, next)
|   0|0x0000000082000000, 0x0000000082000000, 0x0000000082100000|  0%| F|  |TAMS 0x0000000082000000, 0x0000000082000000| Untracked 
|   1|0x0000000082100000, 0x0000000082100000, 0x0000000082200000|  0%| F|  |TAMS 0x0000000082100000, 0x0000000082100000| Untracked 
|   2|0x0000000082200000, 0x0000000082200000, 0x0000000082300000|  0%| F|  |TAMS 0x0000000082200000, 0x0000000082200000| Untracked 
|   3|0x0000000082300000, 0x0000000082300000, 0x0000000082400000|  0%| F|  |TAMS 0x0000000082300000, 0x0000000082300000| Untracked 
|   4|0x0000000082400000, 0x0000000082400000, 0x0000000082500000|  0%| F|  |TAMS 0x0000000082400000, 0x0000000082400000| Untracked 
|   5|0x0000000082500000, 0x0000000082500000, 0x0000000082600000|  0%| F|  |TAMS 0x0000000082500000, 0x0000000082500000| Untracked 
|   6|0x0000000082600000, 0x0000000082600000, 0x0000000082700000|  0%| F|  |TAMS 0x0000000082600000, 0x0000000082600000| Untracked 
|   7|0x0000000082700000, 0x0000000082700000, 0x0000000082800000|  0%| F|  |TAMS 0x0000000082700000, 0x0000000082700000| Untracked 
|   8|0x0000000082800000, 0x0000000082800000, 0x0000000082900000|  0%| F|  |TAMS 0x0000000082800000, 0x0000000082800000| Untracked 
|   9|0x0000000082900000, 0x0000000082900000, 0x0000000082a00000|  0%| F|  |TAMS 0x0000000082900000, 0x0000000082900000| Untracked 
|  10|0x0000000082a00000, 0x0000000082a00000, 0x0000000082b00000|  0%| F|  |TAMS 0x0000000082a00000, 0x0000000082a00000| Untracked 
|  11|0x0000000082b00000, 0x0000000082b00000, 0x0000000082c00000|  0%| F|  |TAMS 0x0000000082b00000, 0x0000000082b00000| Untracked 
|  12|0x0000000082c00000, 0x0000000082c00000, 0x0000000082d00000|  0%| F|  |TAMS 0x0000000082c00000, 0x0000000082c00000| Untracked 
|  13|0x0000000082d00000, 0x0000000082d00000, 0x0000000082e00000|  0%| F|  |TAMS 0x0000000082d00000, 0x0000000082d00000| Untracked 
|  14|0x0000000082e00000, 0x0000000082e00000, 0x0000000082f00000|  0%| F|  |TAMS 0x0000000082e00000, 0x0000000082e00000| Untracked 
|  15|0x0000000082f00000, 0x0000000082f00000, 0x0000000083000000|  0%| F|  |TAMS 0x0000000082f00000, 0x0000000082f00000| Untracked 
|  16|0x0000000083000000, 0x0000000083000000, 0x0000000083100000|  0%| F|  |TAMS 0x0000000083000000, 0x0000000083000000| Untracked 
|  17|0x0000000083100000, 0x0000000083100000, 0x0000000083200000|  0%| F|  |TAMS 0x0000000083100000, 0x0000000083100000| Untracked 
|  18|0x0000000083200000, 0x0000000083200000, 0x0000000083300000|  0%| F|  |TAMS 0x0000000083200000, 0x0000000083200000| Untracked 
|  19|0x0000000083300000, 0x0000000083300000, 0x0000000083400000|  0%| F|  |TAMS 0x0000000083300000, 0x0000000083300000| Untracked 
|  20|0x0000000083400000, 0x0000000083400000, 0x0000000083500000|  0%| F|  |TAMS 0x0000000083400000, 0x0000000083400000| Untracked 
|  21|0x0000000083500000, 0x0000000083500000, 0x0000000083600000|  0%| F|  |TAMS 0x0000000083500000, 0x0000000083500000| Untracked 
|  22|0x0000000083600000, 0x0000000083600000, 0x0000000083700000|  0%| F|  |TAMS 0x0000000083600000, 0x0000000083600000| Untracked 
|  23|0x0000000083700000, 0x0000000083700000, 0x0000000083800000|  0%| F|  |TAMS 0x0000000083700000, 0x0000000083700000| Untracked 
|  24|0x0000000083800000, 0x0000000083800000, 0x0000000083900000|  0%| F|  |TAMS 0x0000000083800000, 0x0000000083800000| Untracked 
|  25|0x0000000083900000, 0x0000000083900000, 0x0000000083a00000|  0%| F|  |TAMS 0x0000000083900000, 0x0000000083900000| Untracked 
|  26|0x0000000083a00000, 0x0000000083a00000, 0x0000000083b00000|  0%| F|  |TAMS 0x0000000083a00000, 0x0000000083a00000| Untracked 
|  27|0x0000000083b00000, 0x0000000083b00000, 0x0000000083c00000|  0%| F|  |TAMS 0x0000000083b00000, 0x0000000083b00000| Untracked 
|  28|0x0000000083c00000, 0x0000000083c00000, 0x0000000083d00000|  0%| F|  |TAMS 0x0000000083c00000, 0x0000000083c00000| Untracked 
|  29|0x0000000083d00000, 0x0000000083d00000, 0x0000000083e00000|  0%| F|  |TAMS 0x0000000083d00000, 0x0000000083d00000| Untracked 
|  30|0x0000000083e00000, 0x0000000083e00000, 0x0000000083f00000|  0%| F|  |TAMS 0x0000000083e00000, 0x0000000083e00000| Untracked 
|  31|0x0000000083f00000, 0x0000000083f00000, 0x0000000084000000|  0%| F|  |TAMS 0x0000000083f00000, 0x0000000083f00000| Untracked 
|  32|0x0000000084000000, 0x0000000084000000, 0x0000000084100000|  0%| F|  |TAMS 0x0000000084000000, 0x0000000084000000| Untracked 
|  33|0x0000000084100000, 0x0000000084100000, 0x0000000084200000|  0%| F|  |TAMS 0x0000000084100000, 0x0000000084100000| Untracked 
|  34|0x0000000084200000, 0x0000000084200000, 0x0000000084300000|  0%| F|  |TAMS 0x0000000084200000, 0x0000000084200000| Untracked 
|  35|0x0000000084300000, 0x0000000084300000, 0x0000000084400000|  0%| F|  |TAMS 0x0000000084300000, 0x0000000084300000| Untracked 
|  36|0x0000000084400000, 0x0000000084400000, 0x0000000084500000|  0%| F|  |TAMS 0x0000000084400000, 0x0000000084400000| Untracked 
|  37|0x0000000084500000, 0x0000000084500000, 0x0000000084600000|  0%| F|  |TAMS 0x0000000084500000, 0x0000000084500000| Untracked 
|  38|0x0000000084600000, 0x0000000084600000, 0x0000000084700000|  0%| F|  |TAMS 0x0000000084600000, 0x0000000084600000| Untracked 
|  39|0x0000000084700000, 0x0000000084700000, 0x0000000084800000|  0%| F|  |TAMS 0x0000000084700000, 0x0000000084700000| Untracked 
|  40|0x0000000084800000, 0x0000000084800000, 0x0000000084900000|  0%| F|  |TAMS 0x0000000084800000, 0x0000000084800000| Untracked 
|  41|0x0000000084900000, 0x0000000084900000, 0x0000000084a00000|  0%| F|  |TAMS 0x0000000084900000, 0x0000000084900000| Untracked 
|  42|0x0000000084a00000, 0x0000000084a00000, 0x0000000084b00000|  0%| F|  |TAMS 0x0000000084a00000, 0x0000000084a00000| Untracked 
|  43|0x0000000084b00000, 0x0000000084b00000, 0x0000000084c00000|  0%| F|  |TAMS 0x0000000084b00000, 0x0000000084b00000| Untracked 
|  44|0x0000000084c00000, 0x0000000084c00000, 0x0000000084d00000|  0%| F|  |TAMS 0x0000000084c00000, 0x0000000084c00000| Untracked 
|  45|0x0000000084d00000, 0x0000000084d00000, 0x0000000084e00000|  0%| F|  |TAMS 0x0000000084d00000, 0x0000000084d00000| Untracked 
|  46|0x0000000084e00000, 0x0000000084e00000, 0x0000000084f00000|  0%| F|  |TAMS 0x0000000084e00000, 0x0000000084e00000| Untracked 
|  47|0x0000000084f00000, 0x0000000084f00000, 0x0000000085000000|  0%| F|  |TAMS 0x0000000084f00000, 0x0000000084f00000| Untracked 
|  48|0x0000000085000000, 0x0000000085000000, 0x0000000085100000|  0%| F|  |TAMS 0x0000000085000000, 0x0000000085000000| Untracked 
|  49|0x0000000085100000, 0x0000000085100000, 0x0000000085200000|  0%| F|  |TAMS 0x0000000085100000, 0x0000000085100000| Untracked 
|  50|0x0000000085200000, 0x0000000085200000, 0x0000000085300000|  0%| F|  |TAMS 0x0000000085200000, 0x0000000085200000| Untracked 
|  51|0x0000000085300000, 0x0000000085300000, 0x0000000085400000|  0%| F|  |TAMS 0x0000000085300000, 0x0000000085300000| Untracked 
|  52|0x0000000085400000, 0x0000000085400000, 0x0000000085500000|  0%| F|  |TAMS 0x0000000085400000, 0x0000000085400000| Untracked 
|  53|0x0000000085500000, 0x0000000085500000, 0x0000000085600000|  0%| F|  |TAMS 0x0000000085500000, 0x0000000085500000| Untracked 
|  54|0x0000000085600000, 0x0000000085600000, 0x0000000085700000|  0%| F|  |TAMS 0x0000000085600000, 0x0000000085600000| Untracked 
|  55|0x0000000085700000, 0x0000000085700000, 0x0000000085800000|  0%| F|  |TAMS 0x0000000085700000, 0x0000000085700000| Untracked 
|  56|0x0000000085800000, 0x0000000085800000, 0x0000000085900000|  0%| F|  |TAMS 0x0000000085800000, 0x0000000085800000| Untracked 
|  57|0x0000000085900000, 0x0000000085900000, 0x0000000085a00000|  0%| F|  |TAMS 0x0000000085900000, 0x0000000085900000| Untracked 
|  58|0x0000000085a00000, 0x0000000085a00000, 0x0000000085b00000|  0%| F|  |TAMS 0x0000000085a00000, 0x0000000085a00000| Untracked 
|  59|0x0000000085b00000, 0x0000000085b00000, 0x0000000085c00000|  0%| F|  |TAMS 0x0000000085b00000, 0x0000000085b00000| Untracked 
|  60|0x0000000085c00000, 0x0000000085c00000, 0x0000000085d00000|  0%| F|  |TAMS 0x0000000085c00000, 0x0000000085c00000| Untracked 
|  61|0x0000000085d00000, 0x0000000085d00000, 0x0000000085e00000|  0%| F|  |TAMS 0x0000000085d00000, 0x0000000085d00000| Untracked 
|  62|0x0000000085e00000, 0x0000000085e00000, 0x0000000085f00000|  0%| F|  |TAMS 0x0000000085e00000, 0x0000000085e00000| Untracked 
|  63|0x0000000085f00000, 0x0000000085f00000, 0x0000000086000000|  0%| F|  |TAMS 0x0000000085f00000, 0x0000000085f00000| Untracked 
|  64|0x0000000086000000, 0x0000000086000000, 0x0000000086100000|  0%| F|  |TAMS 0x0000000086000000, 0x0000000086000000| Untracked 
|  65|0x0000000086100000, 0x0000000086100000, 0x0000000086200000|  0%| F|  |TAMS 0x0000000086100000, 0x0000000086100000| Untracked 
|  66|0x0000000086200000, 0x0000000086200000, 0x0000000086300000|  0%| F|  |TAMS 0x0000000086200000, 0x0000000086200000| Untracked 
|  67|0x0000000086300000, 0x0000000086300000, 0x0000000086400000|  0%| F|  |TAMS 0x0000000086300000, 0x0000000086300000| Untracked 
|  68|0x0000000086400000, 0x0000000086400000, 0x0000000086500000|  0%| F|  |TAMS 0x0000000086400000, 0x0000000086400000| Untracked 
|  69|0x0000000086500000, 0x0000000086500000, 0x0000000086600000|  0%| F|  |TAMS 0x0000000086500000, 0x0000000086500000| Untracked 
|  70|0x0000000086600000, 0x0000000086600000, 0x0000000086700000|  0%| F|  |TAMS 0x0000000086600000, 0x0000000086600000| Untracked 
|  71|0x0000000086700000, 0x0000000086700000, 0x0000000086800000|  0%| F|  |TAMS 0x0000000086700000, 0x0000000086700000| Untracked 
|  72|0x0000000086800000, 0x0000000086800000, 0x0000000086900000|  0%| F|  |TAMS 0x0000000086800000, 0x0000000086800000| Untracked 
|  73|0x0000000086900000, 0x0000000086900000, 0x0000000086a00000|  0%| F|  |TAMS 0x0000000086900000, 0x0000000086900000| Untracked 
|  74|0x0000000086a00000, 0x0000000086a00000, 0x0000000086b00000|  0%| F|  |TAMS 0x0000000086a00000, 0x0000000086a00000| Untracked 
|  75|0x0000000086b00000, 0x0000000086b00000, 0x0000000086c00000|  0%| F|  |TAMS 0x0000000086b00000, 0x0000000086b00000| Untracked 
|  76|0x0000000086c00000, 0x0000000086c00000, 0x0000000086d00000|  0%| F|  |TAMS 0x0000000086c00000, 0x0000000086c00000| Untracked 
|  77|0x0000000086d00000, 0x0000000086d00000, 0x0000000086e00000|  0%| F|  |TAMS 0x0000000086d00000, 0x0000000086d00000| Untracked 
|  78|0x0000000086e00000, 0x0000000086e00000, 0x0000000086f00000|  0%| F|  |TAMS 0x0000000086e00000, 0x0000000086e00000| Untracked 
|  79|0x0000000086f00000, 0x0000000086f00000, 0x0000000087000000|  0%| F|  |TAMS 0x0000000086f00000, 0x0000000086f00000| Untracked 
|  80|0x0000000087000000, 0x0000000087000000, 0x0000000087100000|  0%| F|  |TAMS 0x0000000087000000, 0x0000000087000000| Untracked 
|  81|0x0000000087100000, 0x0000000087100000, 0x0000000087200000|  0%| F|  |TAMS 0x0000000087100000, 0x0000000087100000| Untracked 
|  82|0x0000000087200000, 0x0000000087200000, 0x0000000087300000|  0%| F|  |TAMS 0x0000000087200000, 0x0000000087200000| Untracked 
|  83|0x0000000087300000, 0x0000000087300000, 0x0000000087400000|  0%| F|  |TAMS 0x0000000087300000, 0x0000000087300000| Untracked 
|  84|0x0000000087400000, 0x0000000087400000, 0x0000000087500000|  0%| F|  |TAMS 0x0000000087400000, 0x0000000087400000| Untracked 
|  85|0x0000000087500000, 0x0000000087500000, 0x0000000087600000|  0%| F|  |TAMS 0x0000000087500000, 0x0000000087500000| Untracked 
|  86|0x0000000087600000, 0x0000000087600000, 0x0000000087700000|  0%| F|  |TAMS 0x0000000087600000, 0x0000000087600000| Untracked 
|  87|0x0000000087700000, 0x0000000087700000, 0x0000000087800000|  0%| F|  |TAMS 0x0000000087700000, 0x0000000087700000| Untracked 
|  88|0x0000000087800000, 0x0000000087800000, 0x0000000087900000|  0%| F|  |TAMS 0x0000000087800000, 0x0000000087800000| Untracked 
|  89|0x0000000087900000, 0x0000000087900000, 0x0000000087a00000|  0%| F|  |TAMS 0x0000000087900000, 0x0000000087900000| Untracked 
|  90|0x0000000087a00000, 0x0000000087a00000, 0x0000000087b00000|  0%| F|  |TAMS 0x0000000087a00000, 0x0000000087a00000| Untracked 
|  91|0x0000000087b00000, 0x0000000087b00000, 0x0000000087c00000|  0%| F|  |TAMS 0x0000000087b00000, 0x0000000087b00000| Untracked 
|  92|0x0000000087c00000, 0x0000000087c00000, 0x0000000087d00000|  0%| F|  |TAMS 0x0000000087c00000, 0x0000000087c00000| Untracked 
|  93|0x0000000087d00000, 0x0000000087d00000, 0x0000000087e00000|  0%| F|  |TAMS 0x0000000087d00000, 0x0000000087d00000| Untracked 
|  94|0x0000000087e00000, 0x0000000087e00000, 0x0000000087f00000|  0%| F|  |TAMS 0x0000000087e00000, 0x0000000087e00000| Untracked 
|  95|0x0000000087f00000, 0x0000000087f00000, 0x0000000088000000|  0%| F|  |TAMS 0x0000000087f00000, 0x0000000087f00000| Untracked 
|  96|0x0000000088000000, 0x0000000088000000, 0x0000000088100000|  0%| F|  |TAMS 0x0000000088000000, 0x0000000088000000| Untracked 
|  97|0x0000000088100000, 0x0000000088100000, 0x0000000088200000|  0%| F|  |TAMS 0x0000000088100000, 0x0000000088100000| Untracked 
|  98|0x0000000088200000, 0x0000000088200000, 0x0000000088300000|  0%| F|  |TAMS 0x0000000088200000, 0x0000000088200000| Untracked 
|  99|0x0000000088300000, 0x0000000088300000, 0x0000000088400000|  0%| F|  |TAMS 0x0000000088300000, 0x0000000088300000| Untracked 
| 100|0x0000000088400000, 0x0000000088400000, 0x0000000088500000|  0%| F|  |TAMS 0x0000000088400000, 0x0000000088400000| Untracked 
| 101|0x0000000088500000, 0x0000000088500000, 0x0000000088600000|  0%| F|  |TAMS 0x0000000088500000, 0x0000000088500000| Untracked 
| 102|0x0000000088600000, 0x0000000088600000, 0x0000000088700000|  0%| F|  |TAMS 0x0000000088600000, 0x0000000088600000| Untracked 
| 103|0x0000000088700000, 0x0000000088700000, 0x0000000088800000|  0%| F|  |TAMS 0x0000000088700000, 0x0000000088700000| Untracked 
| 104|0x0000000088800000, 0x0000000088800000, 0x0000000088900000|  0%| F|  |TAMS 0x0000000088800000, 0x0000000088800000| Untracked 
| 105|0x0000000088900000, 0x0000000088900000, 0x0000000088a00000|  0%| F|  |TAMS 0x0000000088900000, 0x0000000088900000| Untracked 
| 106|0x0000000088a00000, 0x0000000088a00000, 0x0000000088b00000|  0%| F|  |TAMS 0x0000000088a00000, 0x0000000088a00000| Untracked 
| 107|0x0000000088b00000, 0x0000000088b00000, 0x0000000088c00000|  0%| F|  |TAMS 0x0000000088b00000, 0x0000000088b00000| Untracked 
| 108|0x0000000088c00000, 0x0000000088c00000, 0x0000000088d00000|  0%| F|  |TAMS 0x0000000088c00000, 0x0000000088c00000| Untracked 
| 109|0x0000000088d00000, 0x0000000088d00000, 0x0000000088e00000|  0%| F|  |TAMS 0x0000000088d00000, 0x0000000088d00000| Untracked 
| 110|0x0000000088e00000, 0x0000000088e00000, 0x0000000088f00000|  0%| F|  |TAMS 0x0000000088e00000, 0x0000000088e00000| Untracked 
| 111|0x0000000088f00000, 0x0000000088f00000, 0x0000000089000000|  0%| F|  |TAMS 0x0000000088f00000, 0x0000000088f00000| Untracked 
| 112|0x0000000089000000, 0x0000000089000000, 0x0000000089100000|  0%| F|  |TAMS 0x0000000089000000, 0x0000000089000000| Untracked 
| 113|0x0000000089100000, 0x0000000089100000, 0x0000000089200000|  0%| F|  |TAMS 0x0000000089100000, 0x0000000089100000| Untracked 
| 114|0x0000000089200000, 0x0000000089200000, 0x0000000089300000|  0%| F|  |TAMS 0x0000000089200000, 0x0000000089200000| Untracked 
| 115|0x0000000089300000, 0x00000000893f33e8, 0x0000000089400000| 95%| S|CS|TAMS 0x0000000089300000, 0x0000000089300000| Complete 
| 116|0x0000000089400000, 0x0000000089500000, 0x0000000089500000|100%| S|CS|TAMS 0x0000000089400000, 0x0000000089400000| Complete 
| 117|0x0000000089500000, 0x0000000089500000, 0x0000000089600000|  0%| F|  |TAMS 0x0000000089500000, 0x0000000089500000| Untracked 
| 118|0x0000000089600000, 0x0000000089600000, 0x0000000089700000|  0%| F|  |TAMS 0x0000000089600000, 0x0000000089600000| Untracked 
| 119|0x0000000089700000, 0x0000000089700000, 0x0000000089800000|  0%| F|  |TAMS 0x0000000089700000, 0x0000000089700000| Untracked 
| 120|0x0000000089800000, 0x0000000089800000, 0x0000000089900000|  0%| F|  |TAMS 0x0000000089800000, 0x0000000089800000| Untracked 
| 121|0x0000000089900000, 0x0000000089900000, 0x0000000089a00000|  0%| F|  |TAMS 0x0000000089900000, 0x0000000089900000| Untracked 
| 122|0x0000000089a00000, 0x0000000089a00000, 0x0000000089b00000|  0%| F|  |TAMS 0x0000000089a00000, 0x0000000089a00000| Untracked 
| 123|0x0000000089b00000, 0x0000000089b00000, 0x0000000089c00000|  0%| F|  |TAMS 0x0000000089b00000, 0x0000000089b00000| Untracked 
| 124|0x0000000089c00000, 0x0000000089c00000, 0x0000000089d00000|  0%| F|  |TAMS 0x0000000089c00000, 0x0000000089c00000| Untracked 
| 125|0x0000000089d00000, 0x0000000089d00000, 0x0000000089e00000|  0%| F|  |TAMS 0x0000000089d00000, 0x0000000089d00000| Untracked 

Card table byte_map: [0x0000013db7420000,0x0000013db7810000] _byte_map_base: 0x0000013db7010000

Marking Bits (Prev, Next): (CMBitMap*) 0x0000013d9fd396a8, (CMBitMap*) 0x0000013d9fd396e0
 Prev Bits: [0x0000013db7c00000, 0x0000013db9b80000)
 Next Bits: [0x0000013db9b80000, 0x0000013dbbb00000)

Polling page: 0x0000013d9de60000

Metaspace:

Usage:
  Non-class:      6.49 MB capacity,     6.45 MB (>99%) used,    24.42 KB ( <1%) free+waste,     8.75 KB ( <1%) overhead. 
      Class:    701.00 KB capacity,   660.54 KB ( 94%) used,    36.40 KB (  5%) free+waste,     4.06 KB ( <1%) overhead. 
       Both:      7.17 MB capacity,     7.10 MB ( 99%) used,    60.82 KB ( <1%) free+waste,    12.81 KB ( <1%) overhead. 

Virtual space:
  Non-class space:       22.00 MB reserved,       6.50 MB ( 30%) committed 
      Class space:        1.00 GB reserved,     768.00 KB ( <1%) committed 
             Both:        1.02 GB reserved,       7.25 MB ( <1%) committed 

Chunk freelists:
   Non-Class:  1.88 KB
       Class:  384 bytes
        Both:  2.25 KB

CodeHeap 'non-profiled nmethods': size=120064Kb used=111Kb max_used=111Kb free=119952Kb
 bounds [0x0000013dafaf0000, 0x0000013dafd60000, 0x0000013db7030000]
CodeHeap 'profiled nmethods': size=120000Kb used=580Kb max_used=580Kb free=119419Kb
 bounds [0x0000013da85c0000, 0x0000013da8830000, 0x0000013dafaf0000]
CodeHeap 'non-nmethods': size=5696Kb used=1054Kb max_used=1073Kb free=4641Kb
 bounds [0x0000013da8030000, 0x0000013da82a0000, 0x0000013da85c0000]
 total_blobs=848 nmethods=404 adapters=255
 compilation: enabled
              stopped_count=0, restarted_count=0
 full_count=0

Compilation events (10 events):
Event: 0.522 Thread 0x0000013dbe9b4000  395       3       java.lang.StringLatin1::lastIndexOf (40 bytes)
Event: 0.522 Thread 0x0000013dbe9b4000 nmethod 395 0x0000013da864c810 code [0x0000013da864c9e0, 0x0000013da864cdf8]
Event: 0.525 Thread 0x0000013dbe9b4000  396       3       java.lang.System::getSecurityManager (4 bytes)
Event: 0.525 Thread 0x0000013dbe9b4000 nmethod 396 0x0000013da864cf90 code [0x0000013da864d140, 0x0000013da864d298]
Event: 0.530 Thread 0x0000013dbe9b4000  402       2       java.lang.AbstractStringBuilder::<init> (39 bytes)
Event: 0.530 Thread 0x0000013dbe9b4000 nmethod 402 0x0000013da864d310 code [0x0000013da864d4c0, 0x0000013da864d6f8]
Event: 0.530 Thread 0x0000013dbe9b4000  403       2       java.lang.StringBuilder::toString (35 bytes)
Event: 0.530 Thread 0x0000013dbe9b4000 nmethod 403 0x0000013da864d790 code [0x0000013da864d960, 0x0000013da864dc20]
Event: 0.530 Thread 0x0000013dbe9b4000  404       2       java.io.WinNTFileSystem::isSlash (18 bytes)
Event: 0.531 Thread 0x0000013dbe9b4000 nmethod 404 0x0000013da864dd10 code [0x0000013da864dec0, 0x0000013da864e038]

GC Heap History (0 events):
No events

Deoptimization events (3 events):
Event: 0.386 Thread 0x0000013d9fcfb000 Uncommon trap: reason=unstable_if action=reinterpret pc=0x0000013dafafe820 method=java.lang.CharacterDataLatin1.isJavaIdentifierPart(I)Z @ 11 c2
Event: 0.479 Thread 0x0000013d9fcfb000 Uncommon trap: reason=unstable_if action=reinterpret pc=0x0000013dafb037ec method=java.util.ImmutableCollections$SetN.probe(Ljava/lang/Object;)I @ 34 c2
Event: 0.525 Thread 0x0000013d9fcfb000 Uncommon trap: reason=unstable_if action=reinterpret pc=0x0000013dafb05514 method=java.lang.String.substring(II)Ljava/lang/String; @ 22 c2

Classes redefined (0 events):
No events

Internal exceptions (3 events):
Event: 0.249 Thread 0x0000013d9fcfb000 Exception <a 'sun/nio/fs/WindowsException'{0x0000000089c4a7a0}> (0x0000000089c4a7a0) thrown at [t:/workspace/open/src/hotspot/share/prims/jni.cpp, line 615]
Event: 0.249 Thread 0x0000013d9fcfb000 Exception <a 'sun/nio/fs/WindowsException'{0x0000000089c4ac40}> (0x0000000089c4ac40) thrown at [t:/workspace/open/src/hotspot/share/prims/jni.cpp, line 615]
Event: 0.297 Thread 0x0000013d9fcfb000 Exception <a 'java/lang/NoSuchMethodError'{0x0000000089c73318}: java.lang.invoke.DirectMethodHandle$Holder.invokeSpecialIFC(Ljava/lang/Object;Ljava/lang/Object;I)I> (0x0000000089c73318) thrown at [t:/workspace/open/src/hotspot/share/interpreter/linkResolv

Events (10 events):
Event: 0.531 loading class java/io/Reader
Event: 0.531 loading class java/lang/Readable
Event: 0.531 loading class java/lang/Readable done
Event: 0.531 loading class java/io/Reader done
Event: 0.531 loading class java/io/BufferedReader done
Event: 0.531 loading class java/io/InputStreamReader
Event: 0.531 loading class java/io/InputStreamReader done
Event: 0.531 loading class sun/nio/cs/StreamDecoder
Event: 0.531 loading class sun/nio/cs/StreamDecoder done
Event: 0.531 loading class sun/nio/cs/UTF_8$Decoder


Dynamic libraries:
0x00007ff6c2b20000 - 0x00007ff6c2b67000 	D:\Programok\Java_11\jdk-11.0.3\bin\java.exe
0x00007ffcfa630000 - 0x00007ffcfa811000 	C:\WINDOWS\SYSTEM32\ntdll.dll
0x00007ffcf2e80000 - 0x00007ffcf2e92000 	D:\Programok\AVG\aswhook.dll
0x00007ffcfa410000 - 0x00007ffcfa4c2000 	C:\WINDOWS\System32\KERNEL32.DLL
0x00007ffcf7790000 - 0x00007ffcf7a03000 	C:\WINDOWS\System32\KERNELBASE.dll
0x00007ffcf9540000 - 0x00007ffcf95e1000 	C:\WINDOWS\System32\ADVAPI32.dll
0x00007ffcf7da0000 - 0x00007ffcf7e3e000 	C:\WINDOWS\System32\msvcrt.dll
0x00007ffcf7f70000 - 0x00007ffcf7fcb000 	C:\WINDOWS\System32\sechost.dll
0x00007ffcf7ac0000 - 0x00007ffcf7be4000 	C:\WINDOWS\System32\RPCRT4.dll
0x00007ffcf9b10000 - 0x00007ffcf9ca0000 	C:\WINDOWS\System32\USER32.dll
0x00007ffcf6f00000 - 0x00007ffcf6f20000 	C:\WINDOWS\System32\win32u.dll
0x00007ffcf7bf0000 - 0x00007ffcf7c18000 	C:\WINDOWS\System32\GDI32.dll
0x00007ffcf6b70000 - 0x00007ffcf6d02000 	C:\WINDOWS\System32\gdi32full.dll
0x00007ffcf6a80000 - 0x00007ffcf6b1f000 	C:\WINDOWS\System32\msvcp_win.dll
0x00007ffcf6f20000 - 0x00007ffcf7018000 	C:\WINDOWS\System32\ucrtbase.dll
0x00007ffcdd910000 - 0x00007ffcddb79000 	C:\WINDOWS\WinSxS\amd64_microsoft.windows.common-controls_6595b64144ccf1df_6.0.17134.648_none_fb45a0e93062a6d2\COMCTL32.dll
0x00007ffcf9620000 - 0x00007ffcf9942000 	C:\WINDOWS\System32\combase.dll
0x00007ffcf6a00000 - 0x00007ffcf6a7a000 	C:\WINDOWS\System32\bcryptPrimitives.dll
0x00007ffcf2930000 - 0x00007ffcf293a000 	C:\WINDOWS\SYSTEM32\VERSION.dll
0x00007ffcf95f0000 - 0x00007ffcf961d000 	C:\WINDOWS\System32\IMM32.DLL
0x00007ffcdb540000 - 0x00007ffcdb556000 	D:\Programok\Java_11\jdk-11.0.3\bin\vcruntime140.dll
0x00007ffcca9f0000 - 0x00007ffccaa9a000 	D:\Programok\Java_11\jdk-11.0.3\bin\msvcp140.dll
0x00007ffca9d10000 - 0x00007ffcaa837000 	D:\Programok\Java_11\jdk-11.0.3\bin\server\jvm.dll
0x00007ffcfa260000 - 0x00007ffcfa268000 	C:\WINDOWS\System32\PSAPI.DLL
0x00007ffcd6fd0000 - 0x00007ffcd6fd9000 	C:\WINDOWS\SYSTEM32\WSOCK32.dll
0x00007ffcfa530000 - 0x00007ffcfa59c000 	C:\WINDOWS\System32\WS2_32.dll
0x00007ffcf4bc0000 - 0x00007ffcf4be3000 	C:\WINDOWS\SYSTEM32\WINMM.dll
0x00007ffcf4b90000 - 0x00007ffcf4bba000 	C:\WINDOWS\SYSTEM32\WINMMBASE.dll
0x00007ffcf6b20000 - 0x00007ffcf6b69000 	C:\WINDOWS\System32\cfgmgr32.dll
0x00007ffcf69e0000 - 0x00007ffcf69f1000 	C:\WINDOWS\System32\kernel.appcore.dll
0x00007ffcda7b0000 - 0x00007ffcda7c1000 	D:\Programok\Java_11\jdk-11.0.3\bin\verify.dll
0x00007ffccdcc0000 - 0x00007ffccde89000 	C:\WINDOWS\SYSTEM32\DBGHELP.DLL
0x00007ffcce2e0000 - 0x00007ffcce309000 	C:\WINDOWS\SYSTEM32\dbgcore.DLL
0x00007ffcce8a0000 - 0x00007ffcce8c9000 	D:\Programok\Java_11\jdk-11.0.3\bin\java.dll
0x00007ffccde90000 - 0x00007ffccdebf000 	D:\Programok\Java_11\jdk-11.0.3\bin\instrument.dll
0x00007ffcd39d0000 - 0x00007ffcd39e6000 	D:\Programok\Java_11\jdk-11.0.3\bin\zip.dll
0x00007ffce3600000 - 0x00007ffce360a000 	D:\Programok\Java_11\jdk-11.0.3\bin\jimage.dll
0x00007ffcf7fe0000 - 0x00007ffcf9420000 	C:\WINDOWS\System32\SHELL32.dll
0x00007ffcf7e40000 - 0x00007ffcf7ee9000 	C:\WINDOWS\System32\shcore.dll
0x00007ffcf7020000 - 0x00007ffcf772d000 	C:\WINDOWS\System32\windows.storage.dll
0x00007ffcfa4d0000 - 0x00007ffcfa521000 	C:\WINDOWS\System32\shlwapi.dll
0x00007ffcf6970000 - 0x00007ffcf698f000 	C:\WINDOWS\System32\profapi.dll
0x00007ffcf6990000 - 0x00007ffcf69dc000 	C:\WINDOWS\System32\powrprof.dll
0x00007ffcf6940000 - 0x00007ffcf694a000 	C:\WINDOWS\System32\FLTLIB.DLL
0x00007ffcd24b0000 - 0x00007ffcd24c9000 	D:\Programok\Java_11\jdk-11.0.3\bin\net.dll
0x00007ffcec000000 - 0x00007ffcec0dd000 	C:\WINDOWS\SYSTEM32\WINHTTP.dll
0x00007ffce6aa0000 - 0x00007ffce6c68000 	C:\WINDOWS\SYSTEM32\urlmon.dll
0x00007ffce70d0000 - 0x00007ffce7375000 	C:\WINDOWS\SYSTEM32\iertutil.dll
0x00007ffcf6330000 - 0x00007ffcf633b000 	C:\WINDOWS\SYSTEM32\CRYPTBASE.DLL
0x00007ffcf6160000 - 0x00007ffcf61c6000 	C:\WINDOWS\system32\mswsock.dll
0x00007ffcced70000 - 0x00007ffcced83000 	D:\Programok\Java_11\jdk-11.0.3\bin\nio.dll
0x00007ffcdb810000 - 0x00007ffcdb82a000 	D:\Programok\IntelliJ IDEA Community Edition 2019.1.1\bin\breakgen64.dll

dbghelp: loaded successfully - version: 4.0.5 - missing functions: none
symbol engine: initialized successfully - sym options: 0x614 - pdb path: .;D:\Programok\Java_11\jdk-11.0.3\bin;C:\WINDOWS\SYSTEM32;D:\Programok\AVG;C:\WINDOWS\WinSxS\amd64_microsoft.windows.common-controls_6595b64144ccf1df_6.0.17134.648_none_fb45a0e93062a6d2;D:\Programok\Java_11\jdk-11.0.3\bin\server;D:\Programok\IntelliJ IDEA Community Edition 2019.1.1\bin

VM Arguments:
jvm_args: --module-path=D:\Programok\Java_11\javafx-sdk-11.0.2\lib --add-modules=javafx.controls,javafx.fxml --add-modules=javafx.base,javafx.graphics --add-reads=javafx.base=ALL-UNNAMED --add-reads=javafx.graphics=ALL-UNNAMED -javaagent:D:\Programok\IntelliJ IDEA Community Edition 2019.1.1\lib\idea_rt.jar=58926:D:\Programok\IntelliJ IDEA Community Edition 2019.1.1\bin -Dfile.encoding=UTF-8 
java_command: sample.Main
java_class_path (initial): C:\Users\TomiMan\IdeaProjects\Kirako\target\classes;D:\Programok\Java_11\javafx-sdk-11.0.2\lib\src.zip;D:\Programok\Java_11\javafx-sdk-11.0.2\lib\javafx-swt.jar;D:\Programok\Java_11\javafx-sdk-11.0.2\lib\javafx.web.jar;D:\Programok\Java_11\javafx-sdk-11.0.2\lib\javafx.base.jar;D:\Programok\Java_11\javafx-sdk-11.0.2\lib\javafx.fxml.jar;D:\Programok\Java_11\javafx-sdk-11.0.2\lib\javafx.media.jar;D:\Programok\Java_11\javafx-sdk-11.0.2\lib\javafx.swing.jar;D:\Programok\Java_11\javafx-sdk-11.0.2\lib\javafx.controls.jar;D:\Programok\Java_11\javafx-sdk-11.0.2\lib\javafx.graphics.jar
Launcher Type: SUN_STANDARD

[Global flags]
     intx CICompilerCount                          = 3                                         {product} {ergonomic}
     uint ConcGCThreads                            = 1                                         {product} {ergonomic}
     uint G1ConcRefinementThreads                  = 4                                         {product} {ergonomic}
   size_t G1HeapRegionSize                         = 1048576                                   {product} {ergonomic}
    uintx GCDrainStackTargetSize                   = 64                                        {product} {ergonomic}
   size_t InitialHeapSize                          = 132120576                                 {product} {ergonomic}
   size_t MarkStackSize                            = 4194304                                   {product} {ergonomic}
   size_t MaxHeapSize                              = 2113929216                                {product} {ergonomic}
   size_t MaxNewSize                               = 1267728384                                {product} {ergonomic}
   size_t MinHeapDeltaBytes                        = 1048576                                   {product} {ergonomic}
    uintx NonNMethodCodeHeapSize                   = 5830092                                {pd product} {ergonomic}
    uintx NonProfiledCodeHeapSize                  = 122914074                              {pd product} {ergonomic}
    uintx ProfiledCodeHeapSize                     = 122914074                              {pd product} {ergonomic}
    uintx ReservedCodeCacheSize                    = 251658240                              {pd product} {ergonomic}
     bool SegmentedCodeCache                       = true                                      {product} {ergonomic}
     bool UseCompressedClassPointers               = true                                 {lp64_product} {ergonomic}
     bool UseCompressedOops                        = true                                 {lp64_product} {ergonomic}
     bool UseG1GC                                  = true                                      {product} {ergonomic}
     bool UseLargePagesIndividualAllocation        = false                                  {pd product} {ergonomic}

Logging:
Log output configuration:
 #0: stdout all=warning uptime,level,tags
 #1: stderr all=off uptime,level,tags

Environment Variables:
PATH=C:\ProgramData\Oracle\Java\javapath;C:\WINDOWS\system32;C:\WINDOWS;C:\WINDOWS\System32\Wbem;C:\WINDOWS\System32\WindowsPowerShell\v1.0\;C:\WINDOWS\system32;C:\WINDOWS;C:\WINDOWS\System32\Wbem;C:\WINDOWS\System32\WindowsPowerShell\v1.0\;C:\WINDOWS\System32\OpenSSH\;C:\Program Files\dotnet\;C:\Program Files\Microsoft SQL Server\130\Tools\Binn\;C:\Program Files (x86)\NVIDIA Corporation\PhysX\Common;D:\ProgramokMATLAB\R2018b\runtime\win64;D:\ProgramokMATLAB\R2018b\bin;D:\Programok\Git\cmd;C:\Users\TomiMan\AppData\Local\Microsoft\WindowsApps;D:\Programok\IntelliJ IDEA Community Edition 2019.1.1\bin;C:\Users\TomiMan\AppData\Local\GitHubDesktop\bin
USERNAME=TomiMan
OS=Windows_NT
PROCESSOR_IDENTIFIER=Intel64 Family 6 Model 142 Stepping 9, GenuineIntel



---------------  S Y S T E M  ---------------

OS: Windows 10 , 64 bit Build 17134 (10.0.17134.648)

CPU:total 4 (initial active 4) (2 cores per cpu, 2 threads per core) family 6 model 142 stepping 9, cmov, cx8, fxsr, mmx, sse, sse2, sse3, ssse3, sse4.1, sse4.2, popcnt, avx, avx2, aes, clmul, erms, 3dnowpref, lzcnt, ht, tsc, tscinvbit, bmi1, bmi2, adx, fma

Memory: 4k page, system-wide physical 8060M (1421M free)
TotalPageFile size 8060M (AvailPageFile size 4M)
current process WorkingSet (physical memory assigned to process): 55M, peak: 55M
current process commit charge ("private bytes"): 206M, peak: 207M

vm_info: Java HotSpot(TM) 64-Bit Server VM (11.0.3+12-LTS) for windows-amd64 JRE (11.0.3+12-LTS), built on Apr  2 2019 12:43:09 by "mach5one" with MS VC++ 15.5 (VS2017)

END.
