#
# There is insufficient memory for the Java Runtime Environment to continue.
# Native memory allocation (malloc) failed to allocate 729776 bytes for Chunk::new
# Possible reasons:
#   The system is out of physical RAM or swap space
#   The process is running with CompressedOops enabled, and the Java Heap may be blocking the growth of the native heap
# Possible solutions:
#   Reduce memory load on the system
#   Increase physical memory or swap space
#   Check if swap backing store is full
#   Decrease Java heap size (-Xmx/-Xms)
#   Decrease number of Java threads
#   Decrease Java thread stack sizes (-Xss)
#   Set larger code cache with -XX:ReservedCodeCacheSize=
#   JVM is running with Unscaled Compressed Oops mode in which the Java heap is
#     placed in the first 4GB address space. The Java Heap base address is the
#     maximum limit for the native heap growth. Please use -XX:HeapBaseMinAddress
#     to set the Java Heap base and to place the Java Heap above 4GB virtual address.
# This output file may be truncated or incomplete.
#
#  Out of Memory Error (t:/workspace/open/src/hotspot/share/memory/arena.cpp:197), pid=10568, tid=10620
#
# JRE version: Java(TM) SE Runtime Environment (11.0.3+12) (build 11.0.3+12-LTS)
# Java VM: Java HotSpot(TM) 64-Bit Server VM (11.0.3+12-LTS, mixed mode, tiered, compressed oops, g1 gc, windows-amd64)
# No core dump will be written. Minidumps are not enabled by default on client versions of Windows
#

---------------  S U M M A R Y ------------

Command Line: -Dclassworlds.conf=D:\Programok\apache-maven-3.6.1\bin\..\bin\m2.conf -Dmaven.home=D:\Programok\apache-maven-3.6.1\bin\.. -Dlibrary.jansi.path=D:\Programok\apache-maven-3.6.1\bin\..\lib\jansi-native -Dmaven.multiModuleProjectDirectory=C:\Users\TomiMan\IdeaProjects\Kirako org.codehaus.plexus.classworlds.launcher.Launcher package

Host: Intel(R) Core(TM) i5-7200U CPU @ 2.50GHz, 4 cores, 7G,  Windows 10 , 64 bit Build 17134 (10.0.17134.706)
Time: Fri May  3 22:36:42 2019 Central Europe Daylight Time elapsed time: 2 seconds (0d 0h 0m 2s)

---------------  T H R E A D  ---------------

Current thread (0x000001a9d10bf000):  JavaThread "C2 CompilerThread0" daemon [_thread_in_native, id=10620, stack(0x0000007f04c00000,0x0000007f04d00000)]


Current CompileTask:
C2:   2282 1959       4       org.codehaus.plexus.util.xml.pull.MXParser::parseStartTag (1195 bytes)

Stack: [0x0000007f04c00000,0x0000007f04d00000]
Native frames: (J=compiled Java code, j=interpreted, Vv=VM code, C=native code)
V  [jvm.dll+0x63582a]
V  [jvm.dll+0x77360f]
V  [jvm.dll+0x774cba]
V  [jvm.dll+0x775373]
V  [jvm.dll+0x25e9c8]
V  [jvm.dll+0xc21d1]
V  [jvm.dll+0xc275c]
V  [jvm.dll+0x36daa2]
V  [jvm.dll+0x33ab03]
V  [jvm.dll+0x339eda]
V  [jvm.dll+0x218875]
V  [jvm.dll+0x217a1a]
V  [jvm.dll+0x194300]
V  [jvm.dll+0x2269df]
V  [jvm.dll+0x224fe8]
V  [jvm.dll+0x738aed]
V  [jvm.dll+0x6348c2]
C  [ucrtbase.dll+0x1e3fe]
C  [KERNEL32.DLL+0x14034]
C  [ntdll.dll+0x73691]


---------------  P R O C E S S  ---------------

Threads class SMR info:
_java_thread_list=0x000001a9d261e070, length=11, elements={
0x000001a9b2d94800, 0x000001a9d107c800, 0x000001a9d10ab000, 0x000001a9d10ba800,
0x000001a9d10bd000, 0x000001a9d10bf000, 0x000001a9d10c4000, 0x000001a9d10d5000,
0x000001a9d1b7f800, 0x000001a9d1b9b000, 0x000001a9d22f4000
}

Java Threads: ( => current thread )
  0x000001a9b2d94800 JavaThread "main" [_thread_in_Java, id=10576, stack(0x0000007f04100000,0x0000007f04200000)]
  0x000001a9d107c800 JavaThread "Reference Handler" daemon [_thread_blocked, id=10604, stack(0x0000007f04800000,0x0000007f04900000)]
  0x000001a9d10ab000 JavaThread "Finalizer" daemon [_thread_blocked, id=10608, stack(0x0000007f04900000,0x0000007f04a00000)]
  0x000001a9d10ba800 JavaThread "Signal Dispatcher" daemon [_thread_blocked, id=10612, stack(0x0000007f04a00000,0x0000007f04b00000)]
  0x000001a9d10bd000 JavaThread "Attach Listener" daemon [_thread_blocked, id=10616, stack(0x0000007f04b00000,0x0000007f04c00000)]
=>0x000001a9d10bf000 JavaThread "C2 CompilerThread0" daemon [_thread_in_native, id=10620, stack(0x0000007f04c00000,0x0000007f04d00000)]
  0x000001a9d10c4000 JavaThread "C1 CompilerThread0" daemon [_thread_blocked, id=10624, stack(0x0000007f04d00000,0x0000007f04e00000)]
  0x000001a9d10d5000 JavaThread "Sweeper thread" daemon [_thread_blocked, id=10628, stack(0x0000007f04e00000,0x0000007f04f00000)]
  0x000001a9d1b7f800 JavaThread "Service Thread" daemon [_thread_blocked, id=10632, stack(0x0000007f04f00000,0x0000007f05000000)]
  0x000001a9d1b9b000 JavaThread "Common-Cleaner" daemon [_thread_blocked, id=10640, stack(0x0000007f05100000,0x0000007f05200000)]
  0x000001a9d22f4000 JavaThread "C2 CompilerThread1" daemon [_thread_in_native, id=10652, stack(0x0000007f05400000,0x0000007f05500000)]

Other Threads:
  0x000001a9d1079800 VMThread "VM Thread" [stack: 0x0000007f04700000,0x0000007f04800000] [id=10600]
  0x000001a9d1b99800 WatcherThread [stack: 0x0000007f05000000,0x0000007f05100000] [id=10636]
  0x000001a9b2dac000 GCTaskThread "GC Thread#0" [stack: 0x0000007f04200000,0x0000007f04300000] [id=10580]
  0x000001a9d24cc800 GCTaskThread "GC Thread#1" [stack: 0x0000007f05200000,0x0000007f05300000] [id=10644]
  0x000001a9d272b000 GCTaskThread "GC Thread#2" [stack: 0x0000007f05300000,0x0000007f05400000] [id=10648]
  0x000001a9b2dde000 ConcurrentGCThread "G1 Main Marker" [stack: 0x0000007f04300000,0x0000007f04400000] [id=10584]
  0x000001a9b2ddf800 ConcurrentGCThread "G1 Conc#0" [stack: 0x0000007f04400000,0x0000007f04500000] [id=10588]
  0x000001a9d0ee2800 ConcurrentGCThread "G1 Refine#0" [stack: 0x0000007f04500000,0x0000007f04600000] [id=10592]
  0x000001a9d0ee3000 ConcurrentGCThread "G1 Young RemSet Sampling" [stack: 0x0000007f04600000,0x0000007f04700000] [id=10596]

Threads with active compile tasks:
C2 CompilerThread01959       4       org.codehaus.plexus.util.xml.pull.MXParser::parseStartTag (1195 bytes)
C1 CompilerThread02039  s    3       org.fusesource.jansi.AnsiPrintStream::filter (948 bytes)
C2 CompilerThread11945   !   4       java.net.URL::<init> (543 bytes)

VM state:not at safepoint (normal execution)

VM Mutex/Monitor currently owned by a thread: None

Heap address: 0x0000000082000000, size: 2016 MB, Compressed Oops mode: 32-bit
Narrow klass base: 0x0000000000000000, Narrow klass shift: 3
Compressed class space size: 1073741824 Address: 0x0000000100000000

Heap:
 garbage-first heap   total 129024K, used 16208K [0x0000000082000000, 0x0000000100000000)
  region size 1024K, 14 young (14336K), 2 survivors (2048K)
 Metaspace       used 19444K, capacity 19771K, committed 19968K, reserved 1067008K
  class space    used 2117K, capacity 2210K, committed 2304K, reserved 1048576K
Heap Regions: E=young(eden), S=young(survivor), O=old, HS=humongous(starts), HC=humongous(continues), CS=collection set, F=free, A=archive, TAMS=top-at-mark-start (previous, next)
|   0|0x0000000082000000, 0x0000000082100000, 0x0000000082100000|100%| O|  |TAMS 0x0000000082000000, 0x0000000082000000| Untracked 
|   1|0x0000000082100000, 0x0000000082200000, 0x0000000082200000|100%| O|  |TAMS 0x0000000082100000, 0x0000000082100000| Untracked 
|   2|0x0000000082200000, 0x00000000822f0000, 0x0000000082300000| 93%| O|  |TAMS 0x0000000082200000, 0x0000000082200000| Untracked 
|   3|0x0000000082300000, 0x0000000082300000, 0x0000000082400000|  0%| F|  |TAMS 0x0000000082300000, 0x0000000082300000| Untracked 
|   4|0x0000000082400000, 0x0000000082400000, 0x0000000082500000|  0%| F|  |TAMS 0x0000000082400000, 0x0000000082400000| Untracked 
|   5|0x0000000082500000, 0x0000000082500000, 0x0000000082600000|  0%| F|  |TAMS 0x0000000082500000, 0x0000000082500000| Untracked 
|   6|0x0000000082600000, 0x0000000082600000, 0x0000000082700000|  0%| F|  |TAMS 0x0000000082600000, 0x0000000082600000| Untracked 
|   7|0x0000000082700000, 0x0000000082700000, 0x0000000082800000|  0%| F|  |TAMS 0x0000000082700000, 0x0000000082700000| Untracked 
|   8|0x0000000082800000, 0x0000000082800000, 0x0000000082900000|  0%| F|  |TAMS 0x0000000082800000, 0x0000000082800000| Untracked 
|   9|0x0000000082900000, 0x0000000082900000, 0x0000000082a00000|  0%| F|  |TAMS 0x0000000082900000, 0x0000000082900000| Untracked 
|  10|0x0000000082a00000, 0x0000000082a00000, 0x0000000082b00000|  0%| F|  |TAMS 0x0000000082a00000, 0x0000000082a00000| Untracked 
|  11|0x0000000082b00000, 0x0000000082b00000, 0x0000000082c00000|  0%| F|  |TAMS 0x0000000082b00000, 0x0000000082b00000| Untracked 
|  12|0x0000000082c00000, 0x0000000082c00000, 0x0000000082d00000|  0%| F|  |TAMS 0x0000000082c00000, 0x0000000082c00000| Untracked 
|  13|0x0000000082d00000, 0x0000000082d00000, 0x0000000082e00000|  0%| F|  |TAMS 0x0000000082d00000, 0x0000000082d00000| Untracked 
|  14|0x0000000082e00000, 0x0000000082e00000, 0x0000000082f00000|  0%| F|  |TAMS 0x0000000082e00000, 0x0000000082e00000| Untracked 
|  15|0x0000000082f00000, 0x0000000082f00000, 0x0000000083000000|  0%| F|  |TAMS 0x0000000082f00000, 0x0000000082f00000| Untracked 
|  16|0x0000000083000000, 0x0000000083000000, 0x0000000083100000|  0%| F|  |TAMS 0x0000000083000000, 0x0000000083000000| Untracked 
|  17|0x0000000083100000, 0x0000000083100000, 0x0000000083200000|  0%| F|  |TAMS 0x0000000083100000, 0x0000000083100000| Untracked 
|  18|0x0000000083200000, 0x0000000083200000, 0x0000000083300000|  0%| F|  |TAMS 0x0000000083200000, 0x0000000083200000| Untracked 
|  19|0x0000000083300000, 0x0000000083300000, 0x0000000083400000|  0%| F|  |TAMS 0x0000000083300000, 0x0000000083300000| Untracked 
|  20|0x0000000083400000, 0x0000000083400000, 0x0000000083500000|  0%| F|  |TAMS 0x0000000083400000, 0x0000000083400000| Untracked 
|  21|0x0000000083500000, 0x0000000083500000, 0x0000000083600000|  0%| F|  |TAMS 0x0000000083500000, 0x0000000083500000| Untracked 
|  22|0x0000000083600000, 0x0000000083600000, 0x0000000083700000|  0%| F|  |TAMS 0x0000000083600000, 0x0000000083600000| Untracked 
|  23|0x0000000083700000, 0x0000000083700000, 0x0000000083800000|  0%| F|  |TAMS 0x0000000083700000, 0x0000000083700000| Untracked 
|  24|0x0000000083800000, 0x0000000083800000, 0x0000000083900000|  0%| F|  |TAMS 0x0000000083800000, 0x0000000083800000| Untracked 
|  25|0x0000000083900000, 0x0000000083900000, 0x0000000083a00000|  0%| F|  |TAMS 0x0000000083900000, 0x0000000083900000| Untracked 
|  26|0x0000000083a00000, 0x0000000083a00000, 0x0000000083b00000|  0%| F|  |TAMS 0x0000000083a00000, 0x0000000083a00000| Untracked 
|  27|0x0000000083b00000, 0x0000000083b00000, 0x0000000083c00000|  0%| F|  |TAMS 0x0000000083b00000, 0x0000000083b00000| Untracked 
|  28|0x0000000083c00000, 0x0000000083c00000, 0x0000000083d00000|  0%| F|  |TAMS 0x0000000083c00000, 0x0000000083c00000| Untracked 
|  29|0x0000000083d00000, 0x0000000083d00000, 0x0000000083e00000|  0%| F|  |TAMS 0x0000000083d00000, 0x0000000083d00000| Untracked 
|  30|0x0000000083e00000, 0x0000000083e00000, 0x0000000083f00000|  0%| F|  |TAMS 0x0000000083e00000, 0x0000000083e00000| Untracked 
|  31|0x0000000083f00000, 0x0000000083f00000, 0x0000000084000000|  0%| F|  |TAMS 0x0000000083f00000, 0x0000000083f00000| Untracked 
|  32|0x0000000084000000, 0x0000000084000000, 0x0000000084100000|  0%| F|  |TAMS 0x0000000084000000, 0x0000000084000000| Untracked 
|  33|0x0000000084100000, 0x0000000084100000, 0x0000000084200000|  0%| F|  |TAMS 0x0000000084100000, 0x0000000084100000| Untracked 
|  34|0x0000000084200000, 0x0000000084200000, 0x0000000084300000|  0%| F|  |TAMS 0x0000000084200000, 0x0000000084200000| Untracked 
|  35|0x0000000084300000, 0x0000000084300000, 0x0000000084400000|  0%| F|  |TAMS 0x0000000084300000, 0x0000000084300000| Untracked 
|  36|0x0000000084400000, 0x0000000084400000, 0x0000000084500000|  0%| F|  |TAMS 0x0000000084400000, 0x0000000084400000| Untracked 
|  37|0x0000000084500000, 0x0000000084500000, 0x0000000084600000|  0%| F|  |TAMS 0x0000000084500000, 0x0000000084500000| Untracked 
|  38|0x0000000084600000, 0x0000000084600000, 0x0000000084700000|  0%| F|  |TAMS 0x0000000084600000, 0x0000000084600000| Untracked 
|  39|0x0000000084700000, 0x0000000084700000, 0x0000000084800000|  0%| F|  |TAMS 0x0000000084700000, 0x0000000084700000| Untracked 
|  40|0x0000000084800000, 0x0000000084800000, 0x0000000084900000|  0%| F|  |TAMS 0x0000000084800000, 0x0000000084800000| Untracked 
|  41|0x0000000084900000, 0x0000000084900000, 0x0000000084a00000|  0%| F|  |TAMS 0x0000000084900000, 0x0000000084900000| Untracked 
|  42|0x0000000084a00000, 0x0000000084a00000, 0x0000000084b00000|  0%| F|  |TAMS 0x0000000084a00000, 0x0000000084a00000| Untracked 
|  43|0x0000000084b00000, 0x0000000084b00000, 0x0000000084c00000|  0%| F|  |TAMS 0x0000000084b00000, 0x0000000084b00000| Untracked 
|  44|0x0000000084c00000, 0x0000000084c00000, 0x0000000084d00000|  0%| F|  |TAMS 0x0000000084c00000, 0x0000000084c00000| Untracked 
|  45|0x0000000084d00000, 0x0000000084d00000, 0x0000000084e00000|  0%| F|  |TAMS 0x0000000084d00000, 0x0000000084d00000| Untracked 
|  46|0x0000000084e00000, 0x0000000084e00000, 0x0000000084f00000|  0%| F|  |TAMS 0x0000000084e00000, 0x0000000084e00000| Untracked 
|  47|0x0000000084f00000, 0x0000000084f00000, 0x0000000085000000|  0%| F|  |TAMS 0x0000000084f00000, 0x0000000084f00000| Untracked 
|  48|0x0000000085000000, 0x0000000085000000, 0x0000000085100000|  0%| F|  |TAMS 0x0000000085000000, 0x0000000085000000| Untracked 
|  49|0x0000000085100000, 0x0000000085100000, 0x0000000085200000|  0%| F|  |TAMS 0x0000000085100000, 0x0000000085100000| Untracked 
|  50|0x0000000085200000, 0x0000000085200000, 0x0000000085300000|  0%| F|  |TAMS 0x0000000085200000, 0x0000000085200000| Untracked 
|  51|0x0000000085300000, 0x0000000085300000, 0x0000000085400000|  0%| F|  |TAMS 0x0000000085300000, 0x0000000085300000| Untracked 
|  52|0x0000000085400000, 0x0000000085400000, 0x0000000085500000|  0%| F|  |TAMS 0x0000000085400000, 0x0000000085400000| Untracked 
|  53|0x0000000085500000, 0x0000000085500000, 0x0000000085600000|  0%| F|  |TAMS 0x0000000085500000, 0x0000000085500000| Untracked 
|  54|0x0000000085600000, 0x0000000085600000, 0x0000000085700000|  0%| F|  |TAMS 0x0000000085600000, 0x0000000085600000| Untracked 
|  55|0x0000000085700000, 0x0000000085700000, 0x0000000085800000|  0%| F|  |TAMS 0x0000000085700000, 0x0000000085700000| Untracked 
|  56|0x0000000085800000, 0x0000000085800000, 0x0000000085900000|  0%| F|  |TAMS 0x0000000085800000, 0x0000000085800000| Untracked 
|  57|0x0000000085900000, 0x0000000085900000, 0x0000000085a00000|  0%| F|  |TAMS 0x0000000085900000, 0x0000000085900000| Untracked 
|  58|0x0000000085a00000, 0x0000000085a00000, 0x0000000085b00000|  0%| F|  |TAMS 0x0000000085a00000, 0x0000000085a00000| Untracked 
|  59|0x0000000085b00000, 0x0000000085b00000, 0x0000000085c00000|  0%| F|  |TAMS 0x0000000085b00000, 0x0000000085b00000| Untracked 
|  60|0x0000000085c00000, 0x0000000085c00000, 0x0000000085d00000|  0%| F|  |TAMS 0x0000000085c00000, 0x0000000085c00000| Untracked 
|  61|0x0000000085d00000, 0x0000000085d00000, 0x0000000085e00000|  0%| F|  |TAMS 0x0000000085d00000, 0x0000000085d00000| Untracked 
|  62|0x0000000085e00000, 0x0000000085e00000, 0x0000000085f00000|  0%| F|  |TAMS 0x0000000085e00000, 0x0000000085e00000| Untracked 
|  63|0x0000000085f00000, 0x0000000085f00000, 0x0000000086000000|  0%| F|  |TAMS 0x0000000085f00000, 0x0000000085f00000| Untracked 
|  64|0x0000000086000000, 0x0000000086000000, 0x0000000086100000|  0%| F|  |TAMS 0x0000000086000000, 0x0000000086000000| Untracked 
|  65|0x0000000086100000, 0x0000000086100000, 0x0000000086200000|  0%| F|  |TAMS 0x0000000086100000, 0x0000000086100000| Untracked 
|  66|0x0000000086200000, 0x0000000086200000, 0x0000000086300000|  0%| F|  |TAMS 0x0000000086200000, 0x0000000086200000| Untracked 
|  67|0x0000000086300000, 0x0000000086300000, 0x0000000086400000|  0%| F|  |TAMS 0x0000000086300000, 0x0000000086300000| Untracked 
|  68|0x0000000086400000, 0x0000000086400000, 0x0000000086500000|  0%| F|  |TAMS 0x0000000086400000, 0x0000000086400000| Untracked 
|  69|0x0000000086500000, 0x0000000086500000, 0x0000000086600000|  0%| F|  |TAMS 0x0000000086500000, 0x0000000086500000| Untracked 
|  70|0x0000000086600000, 0x0000000086600000, 0x0000000086700000|  0%| F|  |TAMS 0x0000000086600000, 0x0000000086600000| Untracked 
|  71|0x0000000086700000, 0x0000000086700000, 0x0000000086800000|  0%| F|  |TAMS 0x0000000086700000, 0x0000000086700000| Untracked 
|  72|0x0000000086800000, 0x0000000086800000, 0x0000000086900000|  0%| F|  |TAMS 0x0000000086800000, 0x0000000086800000| Untracked 
|  73|0x0000000086900000, 0x0000000086900000, 0x0000000086a00000|  0%| F|  |TAMS 0x0000000086900000, 0x0000000086900000| Untracked 
|  74|0x0000000086a00000, 0x0000000086a00000, 0x0000000086b00000|  0%| F|  |TAMS 0x0000000086a00000, 0x0000000086a00000| Untracked 
|  75|0x0000000086b00000, 0x0000000086b00000, 0x0000000086c00000|  0%| F|  |TAMS 0x0000000086b00000, 0x0000000086b00000| Untracked 
|  76|0x0000000086c00000, 0x0000000086c00000, 0x0000000086d00000|  0%| F|  |TAMS 0x0000000086c00000, 0x0000000086c00000| Untracked 
|  77|0x0000000086d00000, 0x0000000086d00000, 0x0000000086e00000|  0%| F|  |TAMS 0x0000000086d00000, 0x0000000086d00000| Untracked 
|  78|0x0000000086e00000, 0x0000000086e00000, 0x0000000086f00000|  0%| F|  |TAMS 0x0000000086e00000, 0x0000000086e00000| Untracked 
|  79|0x0000000086f00000, 0x0000000086f00000, 0x0000000087000000|  0%| F|  |TAMS 0x0000000086f00000, 0x0000000086f00000| Untracked 
|  80|0x0000000087000000, 0x0000000087000000, 0x0000000087100000|  0%| F|  |TAMS 0x0000000087000000, 0x0000000087000000| Untracked 
|  81|0x0000000087100000, 0x0000000087100000, 0x0000000087200000|  0%| F|  |TAMS 0x0000000087100000, 0x0000000087100000| Untracked 
|  82|0x0000000087200000, 0x0000000087200000, 0x0000000087300000|  0%| F|  |TAMS 0x0000000087200000, 0x0000000087200000| Untracked 
|  83|0x0000000087300000, 0x0000000087300000, 0x0000000087400000|  0%| F|  |TAMS 0x0000000087300000, 0x0000000087300000| Untracked 
|  84|0x0000000087400000, 0x0000000087400000, 0x0000000087500000|  0%| F|  |TAMS 0x0000000087400000, 0x0000000087400000| Untracked 
|  85|0x0000000087500000, 0x0000000087500000, 0x0000000087600000|  0%| F|  |TAMS 0x0000000087500000, 0x0000000087500000| Untracked 
|  86|0x0000000087600000, 0x0000000087600000, 0x0000000087700000|  0%| F|  |TAMS 0x0000000087600000, 0x0000000087600000| Untracked 
|  87|0x0000000087700000, 0x0000000087700000, 0x0000000087800000|  0%| F|  |TAMS 0x0000000087700000, 0x0000000087700000| Untracked 
|  88|0x0000000087800000, 0x0000000087800000, 0x0000000087900000|  0%| F|  |TAMS 0x0000000087800000, 0x0000000087800000| Untracked 
|  89|0x0000000087900000, 0x0000000087900000, 0x0000000087a00000|  0%| F|  |TAMS 0x0000000087900000, 0x0000000087900000| Untracked 
|  90|0x0000000087a00000, 0x0000000087a00000, 0x0000000087b00000|  0%| F|  |TAMS 0x0000000087a00000, 0x0000000087a00000| Untracked 
|  91|0x0000000087b00000, 0x0000000087b00000, 0x0000000087c00000|  0%| F|  |TAMS 0x0000000087b00000, 0x0000000087b00000| Untracked 
|  92|0x0000000087c00000, 0x0000000087ce4000, 0x0000000087d00000| 89%| S|CS|TAMS 0x0000000087c00000, 0x0000000087c00000| Complete 
|  93|0x0000000087d00000, 0x0000000087e00000, 0x0000000087e00000|100%| S|CS|TAMS 0x0000000087d00000, 0x0000000087d00000| Complete 
|  94|0x0000000087e00000, 0x0000000087e00000, 0x0000000087f00000|  0%| F|  |TAMS 0x0000000087e00000, 0x0000000087e00000| Untracked 
|  95|0x0000000087f00000, 0x0000000087f00000, 0x0000000088000000|  0%| F|  |TAMS 0x0000000087f00000, 0x0000000087f00000| Untracked 
|  96|0x0000000088000000, 0x0000000088000000, 0x0000000088100000|  0%| F|  |TAMS 0x0000000088000000, 0x0000000088000000| Untracked 
|  97|0x0000000088100000, 0x0000000088100000, 0x0000000088200000|  0%| F|  |TAMS 0x0000000088100000, 0x0000000088100000| Untracked 
|  98|0x0000000088200000, 0x0000000088200000, 0x0000000088300000|  0%| F|  |TAMS 0x0000000088200000, 0x0000000088200000| Untracked 
|  99|0x0000000088300000, 0x0000000088300000, 0x0000000088400000|  0%| F|  |TAMS 0x0000000088300000, 0x0000000088300000| Untracked 
| 100|0x0000000088400000, 0x0000000088400000, 0x0000000088500000|  0%| F|  |TAMS 0x0000000088400000, 0x0000000088400000| Untracked 
| 101|0x0000000088500000, 0x0000000088500000, 0x0000000088600000|  0%| F|  |TAMS 0x0000000088500000, 0x0000000088500000| Untracked 
| 102|0x0000000088600000, 0x0000000088600000, 0x0000000088700000|  0%| F|  |TAMS 0x0000000088600000, 0x0000000088600000| Untracked 
| 103|0x0000000088700000, 0x0000000088700000, 0x0000000088800000|  0%| F|  |TAMS 0x0000000088700000, 0x0000000088700000| Untracked 
| 104|0x0000000088800000, 0x0000000088800000, 0x0000000088900000|  0%| F|  |TAMS 0x0000000088800000, 0x0000000088800000| Untracked 
| 105|0x0000000088900000, 0x0000000088900000, 0x0000000088a00000|  0%| F|  |TAMS 0x0000000088900000, 0x0000000088900000| Untracked 
| 106|0x0000000088a00000, 0x0000000088a00000, 0x0000000088b00000|  0%| F|  |TAMS 0x0000000088a00000, 0x0000000088a00000| Untracked 
| 107|0x0000000088b00000, 0x0000000088b00000, 0x0000000088c00000|  0%| F|  |TAMS 0x0000000088b00000, 0x0000000088b00000| Untracked 
| 108|0x0000000088c00000, 0x0000000088c00000, 0x0000000088d00000|  0%| F|  |TAMS 0x0000000088c00000, 0x0000000088c00000| Untracked 
| 109|0x0000000088d00000, 0x0000000088d00000, 0x0000000088e00000|  0%| F|  |TAMS 0x0000000088d00000, 0x0000000088d00000| Untracked 
| 110|0x0000000088e00000, 0x0000000088e00000, 0x0000000088f00000|  0%| F|  |TAMS 0x0000000088e00000, 0x0000000088e00000| Untracked 
| 111|0x0000000088f00000, 0x0000000088f00000, 0x0000000089000000|  0%| F|  |TAMS 0x0000000088f00000, 0x0000000088f00000| Untracked 
| 112|0x0000000089000000, 0x0000000089000000, 0x0000000089100000|  0%| F|  |TAMS 0x0000000089000000, 0x0000000089000000| Untracked 
| 113|0x0000000089100000, 0x0000000089100000, 0x0000000089200000|  0%| F|  |TAMS 0x0000000089100000, 0x0000000089100000| Untracked 
| 114|0x0000000089200000, 0x0000000089300000, 0x0000000089300000|100%| E|  |TAMS 0x0000000089200000, 0x0000000089200000| Complete 
| 115|0x0000000089300000, 0x0000000089400000, 0x0000000089400000|100%| E|CS|TAMS 0x0000000089300000, 0x0000000089300000| Complete 
| 116|0x0000000089400000, 0x0000000089500000, 0x0000000089500000|100%| E|CS|TAMS 0x0000000089400000, 0x0000000089400000| Complete 
| 117|0x0000000089500000, 0x0000000089600000, 0x0000000089600000|100%| E|CS|TAMS 0x0000000089500000, 0x0000000089500000| Complete 
| 118|0x0000000089600000, 0x0000000089700000, 0x0000000089700000|100%| E|CS|TAMS 0x0000000089600000, 0x0000000089600000| Complete 
| 119|0x0000000089700000, 0x0000000089800000, 0x0000000089800000|100%| E|CS|TAMS 0x0000000089700000, 0x0000000089700000| Complete 
| 120|0x0000000089800000, 0x0000000089900000, 0x0000000089900000|100%| E|CS|TAMS 0x0000000089800000, 0x0000000089800000| Complete 
| 121|0x0000000089900000, 0x0000000089a00000, 0x0000000089a00000|100%| E|CS|TAMS 0x0000000089900000, 0x0000000089900000| Complete 
| 122|0x0000000089a00000, 0x0000000089b00000, 0x0000000089b00000|100%| E|CS|TAMS 0x0000000089a00000, 0x0000000089a00000| Complete 
| 123|0x0000000089b00000, 0x0000000089c00000, 0x0000000089c00000|100%| E|CS|TAMS 0x0000000089b00000, 0x0000000089b00000| Complete 
| 124|0x0000000089c00000, 0x0000000089d00000, 0x0000000089d00000|100%| E|CS|TAMS 0x0000000089c00000, 0x0000000089c00000| Complete 
| 125|0x0000000089d00000, 0x0000000089e00000, 0x0000000089e00000|100%| E|CS|TAMS 0x0000000089d00000, 0x0000000089d00000| Complete 

Card table byte_map: [0x000001a9ca4c0000,0x000001a9ca8b0000] _byte_map_base: 0x000001a9ca0b0000

Marking Bits (Prev, Next): (CMBitMap*) 0x000001a9b2dd56e8, (CMBitMap*) 0x000001a9b2dd5720
 Prev Bits: [0x000001a9caca0000, 0x000001a9ccc20000)
 Next Bits: [0x000001a9ccc20000, 0x000001a9ceba0000)

Polling page: 0x000001a9b0f10000

Metaspace:

Usage:
  Non-class:     17.15 MB capacity,    16.93 MB ( 99%) used,   204.11 KB (  1%) free+waste,    21.13 KB ( <1%) overhead. 
      Class:      2.16 MB capacity,     2.07 MB ( 96%) used,    84.11 KB (  4%) free+waste,     8.50 KB ( <1%) overhead. 
       Both:     19.31 MB capacity,    19.00 MB ( 98%) used,   288.22 KB (  1%) free+waste,    29.63 KB ( <1%) overhead. 

Virtual space:
  Non-class space:       18.00 MB reserved,      17.25 MB ( 96%) committed 
      Class space:        1.00 GB reserved,       2.25 MB ( <1%) committed 
             Both:        1.02 GB reserved,      19.50 MB (  2%) committed 

Chunk freelists:
   Non-Class:  4.88 KB
       Class:  3.75 KB
        Both:  8.63 KB

CodeHeap 'non-profiled nmethods': size=120064Kb used=792Kb max_used=792Kb free=119271Kb
 bounds [0x000001a9c2b90000, 0x000001a9c2e00000, 0x000001a9ca0d0000]
CodeHeap 'profiled nmethods': size=120000Kb used=4168Kb max_used=4168Kb free=115831Kb
 bounds [0x000001a9bb660000, 0x000001a9bba80000, 0x000001a9c2b90000]
CodeHeap 'non-nmethods': size=5696Kb used=1099Kb max_used=1126Kb free=4596Kb
 bounds [0x000001a9bb0d0000, 0x000001a9bb340000, 0x000001a9bb660000]
 total_blobs=2858 nmethods=2028 adapters=322
 compilation: enabled
              stopped_count=0, restarted_count=0
 full_count=0

Compilation events (10 events):
Event: 2.250 Thread 0x000001a9d10c4000 1984       3       java.lang.reflect.AccessibleObject::setAccessible0 (7 bytes)
Event: 2.250 Thread 0x000001a9d10c4000 nmethod 1984 0x000001a9bba5d390 code [0x000001a9bba5d540, 0x000001a9bba5d6b8]
Event: 2.250 Thread 0x000001a9d10c4000 1985   !   3       jdk.internal.reflect.ReflectionFactory::checkInitted (94 bytes)
Event: 2.251 Thread 0x000001a9d10c4000 nmethod 1985 0x000001a9bba5d790 code [0x000001a9bba5da60, 0x000001a9bba5e720]
Event: 2.251 Thread 0x000001a9d10c4000 1982       3       java.lang.reflect.Field::setAccessible (21 bytes)
Event: 2.252 Thread 0x000001a9d10c4000 nmethod 1982 0x000001a9bba5ea90 code [0x000001a9bba5eca0, 0x000001a9bba5f230]
Event: 2.252 Thread 0x000001a9d10c4000 1987       3       java.lang.reflect.Field::setFieldAccessor (34 bytes)
Event: 2.252 Thread 0x000001a9d10c4000 nmethod 1987 0x000001a9bba5f410 code [0x000001a9bba5f600, 0x000001a9bba5fa90]
Event: 2.252 Thread 0x000001a9d10c4000 1986       3       java.lang.reflect.ReflectAccess::getRoot (5 bytes)
Event: 2.252 Thread 0x000001a9d10c4000 nmethod 1986 0x000001a9bba5fb90 code [0x000001a9bba5fd60, 0x000001a9bba5ff90]

GC Heap History (6 events):
Event: 0.733 GC heap before
{Heap before GC invocations=0 (full 0):
 garbage-first heap   total 129024K, used 13312K [0x0000000082000000, 0x0000000100000000)
  region size 1024K, 14 young (14336K), 0 survivors (0K)
 Metaspace       used 10747K, capacity 11021K, committed 11136K, reserved 1058816K
  class space    used 1033K, capacity 1120K, committed 1152K, reserved 1048576K
}
Event: 0.739 GC heap after
{Heap after GC invocations=1 (full 0):
 garbage-first heap   total 129024K, used 2983K [0x0000000082000000, 0x0000000100000000)
  region size 1024K, 2 young (2048K), 2 survivors (2048K)
 Metaspace       used 10747K, capacity 11021K, committed 11136K, reserved 1058816K
  class space    used 1033K, capacity 1120K, committed 1152K, reserved 1048576K
}
Event: 1.085 GC heap before
{Heap before GC invocations=1 (full 0):
 garbage-first heap   total 129024K, used 14247K [0x0000000082000000, 0x0000000100000000)
  region size 1024K, 13 young (13312K), 2 survivors (2048K)
 Metaspace       used 12491K, capacity 12729K, committed 12928K, reserved 1060864K
  class space    used 1267K, capacity 1348K, committed 1408K, reserved 1048576K
}
Event: 1.089 GC heap after
{Heap after GC invocations=2 (full 0):
 garbage-first heap   total 129024K, used 3651K [0x0000000082000000, 0x0000000100000000)
  region size 1024K, 1 young (1024K), 1 survivors (1024K)
 Metaspace       used 12491K, capacity 12729K, committed 12928K, reserved 1060864K
  class space    used 1267K, capacity 1348K, committed 1408K, reserved 1048576K
}
Event: 1.680 GC heap before
{Heap before GC invocations=2 (full 0):
 garbage-first heap   total 129024K, used 35395K [0x0000000082000000, 0x0000000100000000)
  region size 1024K, 32 young (32768K), 1 survivors (1024K)
 Metaspace       used 16917K, capacity 17232K, committed 17408K, reserved 1064960K
  class space    used 1840K, capacity 1970K, committed 2048K, reserved 1048576K
}
Event: 1.684 GC heap after
{Heap after GC invocations=3 (full 0):
 garbage-first heap   total 129024K, used 4944K [0x0000000082000000, 0x0000000100000000)
  region size 1024K, 2 young (2048K), 2 survivors (2048K)
 Metaspace       used 16917K, capacity 17232K, committed 17408K, reserved 1064960K
  class space    used 1840K, capacity 1970K, committed 2048K, reserved 1048576K
}

Deoptimization events (10 events):
Event: 1.261 Thread 0x000001a9b2d94800 Uncommon trap: reason=unstable_if action=reinterpret pc=0x000001a9c2c02bd4 method=java.lang.String.<init>([CIILjava/lang/Void;)V @ 5 c2
Event: 1.321 Thread 0x000001a9b2d94800 Uncommon trap: reason=bimorphic_or_optimized_type_check action=maybe_recompile pc=0x000001a9c2bf7230 method=java.util.HashMap.putVal(ILjava/lang/Object;Ljava/lang/Object;ZZ)Ljava/lang/Object; @ 203 c2
Event: 1.346 Thread 0x000001a9b2d94800 Uncommon trap: reason=bimorphic_or_optimized_type_check action=maybe_recompile pc=0x000001a9c2bf7230 method=java.util.HashMap.putVal(ILjava/lang/Object;Ljava/lang/Object;ZZ)Ljava/lang/Object; @ 203 c2
Event: 1.698 Thread 0x000001a9b2d94800 Uncommon trap: reason=bimorphic_or_optimized_type_check action=maybe_recompile pc=0x000001a9c2bf7230 method=java.util.HashMap.putVal(ILjava/lang/Object;Ljava/lang/Object;ZZ)Ljava/lang/Object; @ 203 c2
Event: 2.013 Thread 0x000001a9b2d94800 Uncommon trap: reason=unstable_if action=reinterpret pc=0x000001a9c2bc64e0 method=java.lang.String.startsWith(Ljava/lang/String;I)Z @ 1 c2
Event: 2.036 Thread 0x000001a9b2d94800 Uncommon trap: reason=unstable_if action=reinterpret pc=0x000001a9c2b958f8 method=java.lang.String.isLatin1()Z @ 10 c2
Event: 2.175 Thread 0x000001a9b2d94800 Uncommon trap: reason=unstable_if action=reinterpret pc=0x000001a9c2ba4678 method=java.lang.StringCoding.hasNegatives([BII)Z @ 12 c2
Event: 2.209 Thread 0x000001a9b2d94800 Uncommon trap: reason=unstable_if action=reinterpret pc=0x000001a9c2bdbd00 method=sun.nio.cs.UTF_8$Decoder.decodeArrayLoop(Ljava/nio/ByteBuffer;Ljava/nio/CharBuffer;)Ljava/nio/charset/CoderResult; @ 84 c2
Event: 2.249 Thread 0x000001a9b2d94800 Uncommon trap: reason=unstable_if action=reinterpret pc=0x000001a9c2c01468 method=java.lang.String.replace(CC)Ljava/lang/String; @ 2 c2
Event: 2.249 Thread 0x000001a9b2d94800 Uncommon trap: reason=unstable_if action=reinterpret pc=0x000001a9c2c05f44 method=java.lang.String.indexOf([BBILjava/lang/String;I)I @ 21 c2

Classes redefined (0 events):
No events

Internal exceptions (5 events):
Event: 0.232 Thread 0x000001a9b2d94800 Exception <a 'java/lang/NoSuchMethodError'{0x0000000089a31cb8}: java.lang.invoke.DirectMethodHandle$Holder.invokeSpecialIFC(Ljava/lang/Object;Ljava/lang/Object;I)I> (0x0000000089a31cb8) thrown at [t:/workspace/open/src/hotspot/share/interpreter/linkResolv
Event: 1.830 Thread 0x000001a9b2d94800 Exception <a 'java/lang/NoClassDefFoundError'{0x0000000089a554c0}: com/google/inject/servlet/ServletModuleTargetVisitor> (0x0000000089a554c0) thrown at [t:/workspace/open/src/hotspot/share/classfile/systemDictionary.cpp, line 220]
Event: 1.830 Thread 0x000001a9b2d94800 Exception <a 'java/lang/NoClassDefFoundError'{0x0000000089a554c0}> (0x0000000089a554c0) thrown at [t:/workspace/open/src/hotspot/share/prims/jvm.cpp, line 1311]
Event: 1.831 Thread 0x000001a9b2d94800 Exception <a 'java/lang/NoClassDefFoundError'{0x0000000089a587a0}: javax/annotation/Priority> (0x0000000089a587a0) thrown at [t:/workspace/open/src/hotspot/share/classfile/systemDictionary.cpp, line 220]
Event: 2.021 Thread 0x000001a9b2d94800 Exception <a 'java/lang/NoSuchMethodError'{0x0000000089879238}: java.lang.invoke.DirectMethodHandle$Holder.invokeStaticInit(Ljava/lang/Object;IIII)Ljava/lang/Object;> (0x0000000089879238) thrown at [t:/workspace/open/src/hotspot/share/interpreter/linkReso

Events (10 events):
Event: 2.247 loading class org/codehaus/plexus/interpolation/util/StringUtils done
Event: 2.248 loading class org/apache/maven/model/Extension
Event: 2.248 loading class org/apache/maven/model/Extension done
Event: 2.249 Thread 0x000001a9b2d94800 Uncommon trap: trap_request=0xffffff4d fr.pc=0x000001a9c2c01468 relative=0x0000000000000528
Event: 2.249 Thread 0x000001a9b2d94800 DEOPT PACKING pc=0x000001a9c2c01468 sp=0x0000007f041fbda0
Event: 2.249 Thread 0x000001a9b2d94800 DEOPT UNPACKING pc=0x000001a9bb0f8f2f sp=0x0000007f041fbd60 mode 2
Event: 2.249 Thread 0x000001a9b2d94800 Uncommon trap: trap_request=0xffffff4d fr.pc=0x000001a9c2c05f44 relative=0x0000000000000284
Event: 2.249 Thread 0x000001a9b2d94800 DEOPT PACKING pc=0x000001a9c2c05f44 sp=0x0000007f041fbdd0
Event: 2.249 Thread 0x000001a9b2d94800 DEOPT UNPACKING pc=0x000001a9bb0f8f2f sp=0x0000007f041fbd38 mode 2
Event: 2.251 loading class jdk/internal/reflect/UnsafeQualifiedObjectFieldAccessorImpl


Dynamic libraries:
0x00007ff6a8070000 - 0x00007ff6a80b7000 	D:\Programok\Java_11\jdk-11.0.3\bin\java.exe
0x00007ffc52610000 - 0x00007ffc527f1000 	C:\WINDOWS\SYSTEM32\ntdll.dll
0x00007ffc3bc50000 - 0x00007ffc3bc62000 	D:\Programok\AVG\aswhook.dll
0x00007ffc4fb90000 - 0x00007ffc4fc41000 	C:\WINDOWS\System32\KERNEL32.DLL
0x00007ffc4f390000 - 0x00007ffc4f603000 	C:\WINDOWS\System32\KERNELBASE.dll
0x00007ffc52470000 - 0x00007ffc52511000 	C:\WINDOWS\System32\ADVAPI32.dll
0x00007ffc51970000 - 0x00007ffc51a0e000 	C:\WINDOWS\System32\msvcrt.dll
0x00007ffc500b0000 - 0x00007ffc5010b000 	C:\WINDOWS\System32\sechost.dll
0x00007ffc51ed0000 - 0x00007ffc51ff4000 	C:\WINDOWS\System32\RPCRT4.dll
0x00007ffc51d40000 - 0x00007ffc51ed0000 	C:\WINDOWS\System32\USER32.dll
0x00007ffc4f270000 - 0x00007ffc4f290000 	C:\WINDOWS\System32\win32u.dll
0x00007ffc52000000 - 0x00007ffc52028000 	C:\WINDOWS\System32\GDI32.dll
0x00007ffc4f610000 - 0x00007ffc4f7a2000 	C:\WINDOWS\System32\gdi32full.dll
0x00007ffc4f290000 - 0x00007ffc4f32f000 	C:\WINDOWS\System32\msvcp_win.dll
0x00007ffc4f170000 - 0x00007ffc4f268000 	C:\WINDOWS\System32\ucrtbase.dll
0x00007ffc38700000 - 0x00007ffc38969000 	C:\WINDOWS\WinSxS\amd64_microsoft.windows.common-controls_6595b64144ccf1df_6.0.17134.706_none_fb43a2cb30647007\COMCTL32.dll
0x00007ffc51a10000 - 0x00007ffc51d32000 	C:\WINDOWS\System32\combase.dll
0x00007ffc4f0f0000 - 0x00007ffc4f16a000 	C:\WINDOWS\System32\bcryptPrimitives.dll
0x00007ffc4ab60000 - 0x00007ffc4ab6a000 	C:\WINDOWS\SYSTEM32\VERSION.dll
0x00007ffc51890000 - 0x00007ffc518bd000 	C:\WINDOWS\System32\IMM32.DLL
0x00007ffc4b2f0000 - 0x00007ffc4b306000 	D:\Programok\Java_11\jdk-11.0.3\bin\vcruntime140.dll
0x00007ffc49670000 - 0x00007ffc4971a000 	D:\Programok\Java_11\jdk-11.0.3\bin\msvcp140.dll
0x00007ffbff740000 - 0x00007ffc00267000 	D:\Programok\Java_11\jdk-11.0.3\bin\server\jvm.dll
0x00007ffc4fc50000 - 0x00007ffc4fc58000 	C:\WINDOWS\System32\PSAPI.DLL
0x00007ffc34ee0000 - 0x00007ffc34ee9000 	C:\WINDOWS\SYSTEM32\WSOCK32.dll
0x00007ffc51820000 - 0x00007ffc5188c000 	C:\WINDOWS\System32\WS2_32.dll
0x00007ffc4c730000 - 0x00007ffc4c753000 	C:\WINDOWS\SYSTEM32\WINMM.dll
0x00007ffc4c700000 - 0x00007ffc4c72a000 	C:\WINDOWS\SYSTEM32\WINMMBASE.dll
0x00007ffc4f860000 - 0x00007ffc4f8a9000 	C:\WINDOWS\System32\cfgmgr32.dll
0x00007ffc4e9a0000 - 0x00007ffc4e9b1000 	C:\WINDOWS\System32\kernel.appcore.dll
0x00007ffc4aec0000 - 0x00007ffc4aed1000 	D:\Programok\Java_11\jdk-11.0.3\bin\verify.dll
0x00007ffc30e00000 - 0x00007ffc30fc9000 	C:\WINDOWS\SYSTEM32\DBGHELP.DLL
0x00007ffc30db0000 - 0x00007ffc30dd9000 	C:\WINDOWS\SYSTEM32\dbgcore.DLL
0x00007ffc4ac60000 - 0x00007ffc4ac89000 	D:\Programok\Java_11\jdk-11.0.3\bin\java.dll
0x00007ffc4aea0000 - 0x00007ffc4aeb6000 	D:\Programok\Java_11\jdk-11.0.3\bin\zip.dll
0x00007ffc4b290000 - 0x00007ffc4b29a000 	D:\Programok\Java_11\jdk-11.0.3\bin\jimage.dll
0x00007ffc50110000 - 0x00007ffc51550000 	C:\WINDOWS\System32\SHELL32.dll
0x00007ffc518c0000 - 0x00007ffc51969000 	C:\WINDOWS\System32\shcore.dll
0x00007ffc4e9e0000 - 0x00007ffc4f0ed000 	C:\WINDOWS\System32\windows.storage.dll
0x00007ffc52580000 - 0x00007ffc525d1000 	C:\WINDOWS\System32\shlwapi.dll
0x00007ffc4e970000 - 0x00007ffc4e98f000 	C:\WINDOWS\System32\profapi.dll
0x00007ffc4e920000 - 0x00007ffc4e96c000 	C:\WINDOWS\System32\powrprof.dll
0x00007ffc4e990000 - 0x00007ffc4e99a000 	C:\WINDOWS\System32\FLTLIB.DLL
0x00007ffc4ac40000 - 0x00007ffc4ac59000 	D:\Programok\Java_11\jdk-11.0.3\bin\net.dll
0x00007ffc42e80000 - 0x00007ffc42f5d000 	C:\WINDOWS\SYSTEM32\WINHTTP.dll
0x00007ffc3fb90000 - 0x00007ffc3fd58000 	C:\WINDOWS\SYSTEM32\urlmon.dll
0x00007ffc42a40000 - 0x00007ffc42ce6000 	C:\WINDOWS\SYSTEM32\iertutil.dll
0x00007ffc4e310000 - 0x00007ffc4e31b000 	C:\WINDOWS\SYSTEM32\CRYPTBASE.DLL
0x00007ffc4e140000 - 0x00007ffc4e1a6000 	C:\WINDOWS\system32\mswsock.dll
0x00007ffc49620000 - 0x00007ffc49633000 	D:\Programok\Java_11\jdk-11.0.3\bin\nio.dll
0x00007ffc49640000 - 0x00007ffc4964a000 	D:\Programok\apache-maven-3.6.1\lib\jansi-native\windows64\jansi.dll

dbghelp: loaded successfully - version: 4.0.5 - missing functions: none
symbol engine: initialized successfully - sym options: 0x614 - pdb path: .;D:\Programok\Java_11\jdk-11.0.3\bin;C:\WINDOWS\SYSTEM32;D:\Programok\AVG;C:\WINDOWS\WinSxS\amd64_microsoft.windows.common-controls_6595b64144ccf1df_6.0.17134.706_none_fb43a2cb30647007;D:\Programok\Java_11\jdk-11.0.3\bin\server;D:\Programok\apache-maven-3.6.1\lib\jansi-native\windows64

VM Arguments:
jvm_args: -Dclassworlds.conf=D:\Programok\apache-maven-3.6.1\bin\..\bin\m2.conf -Dmaven.home=D:\Programok\apache-maven-3.6.1\bin\.. -Dlibrary.jansi.path=D:\Programok\apache-maven-3.6.1\bin\..\lib\jansi-native -Dmaven.multiModuleProjectDirectory=C:\Users\TomiMan\IdeaProjects\Kirako 
java_command: org.codehaus.plexus.classworlds.launcher.Launcher package
java_class_path (initial): D:\Programok\apache-maven-3.6.1\bin\..\boot\plexus-classworlds-2.6.0.jar
Launcher Type: SUN_STANDARD

[Global flags]
     intx CICompilerCount                          = 3                                         {product} {ergonomic}
     uint ConcGCThreads                            = 1                                         {product} {ergonomic}
     uint G1ConcRefinementThreads                  = 4                                         {product} {ergonomic}
   size_t G1HeapRegionSize                         = 1048576                                   {product} {ergonomic}
    uintx GCDrainStackTargetSize                   = 64                                        {product} {ergonomic}
   size_t InitialHeapSize                          = 132120576                                 {product} {ergonomic}
   size_t MarkStackSize                            = 4194304                                   {product} {ergonomic}
   size_t MaxHeapSize                              = 2113929216                                {product} {ergonomic}
   size_t MaxNewSize                               = 1267728384                                {product} {ergonomic}
   size_t MinHeapDeltaBytes                        = 1048576                                   {product} {ergonomic}
    uintx NonNMethodCodeHeapSize                   = 5830092                                {pd product} {ergonomic}
    uintx NonProfiledCodeHeapSize                  = 122914074                              {pd product} {ergonomic}
    uintx ProfiledCodeHeapSize                     = 122914074                              {pd product} {ergonomic}
    uintx ReservedCodeCacheSize                    = 251658240                              {pd product} {ergonomic}
     bool SegmentedCodeCache                       = true                                      {product} {ergonomic}
     bool UseCompressedClassPointers               = true                                 {lp64_product} {ergonomic}
     bool UseCompressedOops                        = true                                 {lp64_product} {ergonomic}
     bool UseG1GC                                  = true                                      {product} {ergonomic}
     bool UseLargePagesIndividualAllocation        = false                                  {pd product} {ergonomic}

Logging:
Log output configuration:
 #0: stdout all=warning uptime,level,tags
 #1: stderr all=off uptime,level,tags

Environment Variables:
JAVA_HOME=D:\Programok\Java_11\jdk-11.0.3
PATH=D:\Programok\Java_11\jdk-11.0.3\bin;C:\WINDOWS\system32;C:\WINDOWS;C:\WINDOWS\System32\Wbem;C:\WINDOWS\System32\WindowsPowerShell\v1.0\;C:\WINDOWS\system32;C:\WINDOWS;C:\WINDOWS\System32\Wbem;C:\WINDOWS\System32\WindowsPowerShell\v1.0\;C:\WINDOWS\System32\OpenSSH\;C:\Program Files\dotnet\;C:\Program Files\Microsoft SQL Server\130\Tools\Binn\;C:\Program Files (x86)\NVIDIA Corporation\PhysX\Common;D:\ProgramokMATLAB\R2018b\runtime\win64;D:\ProgramokMATLAB\R2018b\bin;D:\Programok\Git\cmd;D:\ProgramData\Oracle\Java\javapath;C:\Users\TomiMan\AppData\Local\Microsoft\WindowsApps;D:\Programok\IntelliJ IDEA Community Edition 2019.1.1\bin;C:\Users\TomiMan\AppData\Local\GitHubDesktop\bin;D:\Programok\apache-maven-3.6.1\bin;
USERNAME=TomiMan
OS=Windows_NT
PROCESSOR_IDENTIFIER=Intel64 Family 6 Model 142 Stepping 9, GenuineIntel



---------------  S Y S T E M  ---------------

OS: Windows 10 , 64 bit Build 17134 (10.0.17134.706)

CPU:total 4 (initial active 4) (2 cores per cpu, 2 threads per core) family 6 model 142 stepping 9, cmov, cx8, fxsr, mmx, sse, sse2, sse3, ssse3, sse4.1, sse4.2, popcnt, avx, avx2, aes, clmul, erms, 3dnowpref, lzcnt, ht, tsc, tscinvbit, bmi1, bmi2, adx, fma

Memory: 4k page, system-wide physical 8060M (1074M free)
TotalPageFile size 8060M (AvailPageFile size 5M)
current process WorkingSet (physical memory assigned to process): 109M, peak: 110M
current process commit charge ("private bytes"): 234M, peak: 235M

vm_info: Java HotSpot(TM) 64-Bit Server VM (11.0.3+12-LTS) for windows-amd64 JRE (11.0.3+12-LTS), built on Apr  2 2019 12:43:09 by "mach5one" with MS VC++ 15.5 (VS2017)

END.
