#
# There is insufficient memory for the Java Runtime Environment to continue.
# Native memory allocation (mmap) failed to map 132120576 bytes for Failed to commit area from 0x0000000082000000 to 0x0000000089e00000 of length 132120576.
# Possible reasons:
#   The system is out of physical RAM or swap space
#   The process is running with CompressedOops enabled, and the Java Heap may be blocking the growth of the native heap
# Possible solutions:
#   Reduce memory load on the system
#   Increase physical memory or swap space
#   Check if swap backing store is full
#   Decrease Java heap size (-Xmx/-Xms)
#   Decrease number of Java threads
#   Decrease Java thread stack sizes (-Xss)
#   Set larger code cache with -XX:ReservedCodeCacheSize=
# This output file may be truncated or incomplete.
#
#  Out of Memory Error (t:/workspace/open/src/hotspot/os/windows/os_windows.cpp:3269), pid=21080, tid=19640
#
# JRE version:  (11.0.3+12) (build )
# Java VM: Java HotSpot(TM) 64-Bit Server VM (11.0.3+12-LTS, mixed mode, aot, sharing, tiered, compressed oops, g1 gc, windows-amd64)
# No core dump will be written. Minidumps are not enabled by default on client versions of Windows
#

---------------  S U M M A R Y ------------

Command Line: --module-path=D:\Programok\Java_11\javafx-sdk-11.0.2\lib --add-modules=javafx.controls,javafx.fxml --add-modules=javafx.base,javafx.graphics --add-reads=javafx.base=ALL-UNNAMED --add-reads=javafx.graphics=ALL-UNNAMED -javaagent:D:\Programok\IntelliJ IDEA Community Edition 2019.1.1\lib\idea_rt.jar=53144:D:\Programok\IntelliJ IDEA Community Edition 2019.1.1\bin -Dfile.encoding=UTF-8 sample.Main

Host: Intel(R) Core(TM) i5-7200U CPU @ 2.50GHz, 4 cores, 7G,  Windows 10 , 64 bit Build 17134 (10.0.17134.706)
Time: Wed May  1 18:24:16 2019 Central Europe Daylight Time elapsed time: 0 seconds (0d 0h 0m 0s)

---------------  T H R E A D  ---------------

Current thread (0x0000026410f8b800):  JavaThread "Unknown thread" [_thread_in_vm, id=19640, stack(0x000000c092600000,0x000000c092700000)]

Stack: [0x000000c092600000,0x000000c092700000]
Native frames: (J=compiled Java code, j=interpreted, Vv=VM code, C=native code)
V  [jvm.dll+0x63582a]
V  [jvm.dll+0x77360f]
V  [jvm.dll+0x774cba]
V  [jvm.dll+0x775373]
V  [jvm.dll+0x25e9c8]
V  [jvm.dll+0x632cba]
V  [jvm.dll+0x627715]
V  [jvm.dll+0x31523c]
V  [jvm.dll+0x3150c2]
V  [jvm.dll+0x31a936]
V  [jvm.dll+0x36667f]
V  [jvm.dll+0x3660a0]
V  [jvm.dll+0x2f1da8]
V  [jvm.dll+0x2f2f06]
V  [jvm.dll+0x74c867]
V  [jvm.dll+0x74dfaf]
V  [jvm.dll+0x3734b9]
V  [jvm.dll+0x732f09]
V  [jvm.dll+0x3e291d]
V  [jvm.dll+0x3e4cb1]
C  [java.exe+0x3607]
C  [java.exe+0x178dc]
C  [KERNEL32.DLL+0x14034]
C  [ntdll.dll+0x73691]


---------------  P R O C E S S  ---------------

Threads class SMR info:
_java_thread_list=0x0000026410db5f90, length=0, elements={
}

Java Threads: ( => current thread )

Other Threads:
  0x0000026410fa4800 GCTaskThread "GC Thread#0" [stack: 0x000000c092700000,0x000000c092800000] [id=19568]
  0x0000026410fd4000 ConcurrentGCThread "G1 Main Marker" [stack: 0x000000c092800000,0x000000c092900000] [id=292]
  0x0000026410fd5800 ConcurrentGCThread "G1 Conc#0" [stack: 0x000000c092900000,0x000000c092a00000] [id=17588]

[error occurred during error reporting (printing all threads), id 0xc0000005, EXCEPTION_ACCESS_VIOLATION (0xc0000005) at pc=0x00007ffb1d720497]

VM state:not at safepoint (not fully initialized)

VM Mutex/Monitor currently owned by a thread:  ([mutex/lock_event])
[0x0000026410f8a900] Heap_lock - owner thread: 0x0000026410f8b800

Heap address: 0x0000000082000000, size: 2016 MB, Compressed Oops mode: Non-zero based: 0x0000000082000000
Narrow klass base: 0x0000000000000000, Narrow klass shift: 0

GC Heap History (0 events):
No events

Deoptimization events (0 events):
No events

Classes redefined (0 events):
No events

Internal exceptions (0 events):
No events

Events (0 events):
No events


Dynamic libraries:
0x00007ff7180c0000 - 0x00007ff718107000 	D:\Programok\Java_11\jdk-11.0.3\bin\java.exe
0x00007ffb61790000 - 0x00007ffb61971000 	C:\WINDOWS\SYSTEM32\ntdll.dll
0x00007ffb5be10000 - 0x00007ffb5be22000 	D:\Programok\AVG\aswhook.dll
0x00007ffb5f5a0000 - 0x00007ffb5f651000 	C:\WINDOWS\System32\KERNEL32.DLL
0x00007ffb5db60000 - 0x00007ffb5ddd3000 	C:\WINDOWS\System32\KERNELBASE.dll
0x00007ffb616b0000 - 0x00007ffb61751000 	C:\WINDOWS\System32\ADVAPI32.dll
0x00007ffb5f110000 - 0x00007ffb5f1ae000 	C:\WINDOWS\System32\msvcrt.dll
0x00007ffb5ee10000 - 0x00007ffb5ee6b000 	C:\WINDOWS\System32\sechost.dll
0x00007ffb5f7c0000 - 0x00007ffb5f8e4000 	C:\WINDOWS\System32\RPCRT4.dll
0x00007ffb5ec80000 - 0x00007ffb5ee10000 	C:\WINDOWS\System32\USER32.dll
0x00007ffb5e790000 - 0x00007ffb5e7b0000 	C:\WINDOWS\System32\win32u.dll
0x00007ffb5f3c0000 - 0x00007ffb5f3e8000 	C:\WINDOWS\System32\GDI32.dll
0x00007ffb5e960000 - 0x00007ffb5eaf2000 	C:\WINDOWS\System32\gdi32full.dll
0x00007ffb5eb80000 - 0x00007ffb5ec1f000 	C:\WINDOWS\System32\msvcp_win.dll
0x00007ffb5e860000 - 0x00007ffb5e958000 	C:\WINDOWS\System32\ucrtbase.dll
0x00007ffb4d830000 - 0x00007ffb4da99000 	C:\WINDOWS\WinSxS\amd64_microsoft.windows.common-controls_6595b64144ccf1df_6.0.17134.706_none_fb43a2cb30647007\COMCTL32.dll
0x00007ffb60f30000 - 0x00007ffb61252000 	C:\WINDOWS\System32\combase.dll
0x00007ffb5eb00000 - 0x00007ffb5eb7a000 	C:\WINDOWS\System32\bcryptPrimitives.dll
0x00007ffb56fc0000 - 0x00007ffb56fca000 	C:\WINDOWS\SYSTEM32\VERSION.dll
0x00007ffb5f3f0000 - 0x00007ffb5f41d000 	C:\WINDOWS\System32\IMM32.DLL
0x00007ffb4a660000 - 0x00007ffb4a676000 	D:\Programok\Java_11\jdk-11.0.3\bin\vcruntime140.dll
0x00007ffb3dff0000 - 0x00007ffb3e09a000 	D:\Programok\Java_11\jdk-11.0.3\bin\msvcp140.dll
0x00007ffb1d420000 - 0x00007ffb1df47000 	D:\Programok\Java_11\jdk-11.0.3\bin\server\jvm.dll
0x00007ffb5ef60000 - 0x00007ffb5ef68000 	C:\WINDOWS\System32\PSAPI.DLL
0x00007ffb475d0000 - 0x00007ffb475d9000 	C:\WINDOWS\SYSTEM32\WSOCK32.dll
0x00007ffb5f350000 - 0x00007ffb5f3bc000 	C:\WINDOWS\System32\WS2_32.dll
0x00007ffb5bd40000 - 0x00007ffb5bd63000 	C:\WINDOWS\SYSTEM32\WINMM.dll
0x00007ffb5bcf0000 - 0x00007ffb5bd1a000 	C:\WINDOWS\SYSTEM32\WINMMBASE.dll
0x00007ffb5e7b0000 - 0x00007ffb5e7f9000 	C:\WINDOWS\System32\cfgmgr32.dll
0x00007ffb5db20000 - 0x00007ffb5db31000 	C:\WINDOWS\System32\kernel.appcore.dll
0x00007ffb4a150000 - 0x00007ffb4a161000 	D:\Programok\Java_11\jdk-11.0.3\bin\verify.dll
0x00007ffb45d60000 - 0x00007ffb45f29000 	C:\WINDOWS\SYSTEM32\DBGHELP.DLL
0x00007ffb4de30000 - 0x00007ffb4de59000 	C:\WINDOWS\SYSTEM32\dbgcore.DLL
0x00007ffb491c0000 - 0x00007ffb491e9000 	D:\Programok\Java_11\jdk-11.0.3\bin\java.dll
0x00007ffb46320000 - 0x00007ffb4634f000 	D:\Programok\Java_11\jdk-11.0.3\bin\instrument.dll
0x00007ffb491a0000 - 0x00007ffb491b6000 	D:\Programok\Java_11\jdk-11.0.3\bin\zip.dll
0x00007ffb5bd80000 - 0x00007ffb5bd8a000 	D:\Programok\Java_11\jdk-11.0.3\bin\jimage.dll

dbghelp: loaded successfully - version: 4.0.5 - missing functions: none
symbol engine: initialized successfully - sym options: 0x614 - pdb path: .;D:\Programok\Java_11\jdk-11.0.3\bin;C:\WINDOWS\SYSTEM32;D:\Programok\AVG;C:\WINDOWS\WinSxS\amd64_microsoft.windows.common-controls_6595b64144ccf1df_6.0.17134.706_none_fb43a2cb30647007;D:\Programok\Java_11\jdk-11.0.3\bin\server

VM Arguments:
jvm_args: --module-path=D:\Programok\Java_11\javafx-sdk-11.0.2\lib --add-modules=javafx.controls,javafx.fxml --add-modules=javafx.base,javafx.graphics --add-reads=javafx.base=ALL-UNNAMED --add-reads=javafx.graphics=ALL-UNNAMED -javaagent:D:\Programok\IntelliJ IDEA Community Edition 2019.1.1\lib\idea_rt.jar=53144:D:\Programok\IntelliJ IDEA Community Edition 2019.1.1\bin -Dfile.encoding=UTF-8 
java_command: sample.Main
java_class_path (initial): C:\Users\TomiMan\IdeaProjects\Kirako\target\classes;D:\Programok\Java_11\javafx-sdk-11.0.2\lib\src.zip;D:\Programok\Java_11\javafx-sdk-11.0.2\lib\javafx-swt.jar;D:\Programok\Java_11\javafx-sdk-11.0.2\lib\javafx.web.jar;D:\Programok\Java_11\javafx-sdk-11.0.2\lib\javafx.base.jar;D:\Programok\Java_11\javafx-sdk-11.0.2\lib\javafx.fxml.jar;D:\Programok\Java_11\javafx-sdk-11.0.2\lib\javafx.media.jar;D:\Programok\Java_11\javafx-sdk-11.0.2\lib\javafx.swing.jar;D:\Programok\Java_11\javafx-sdk-11.0.2\lib\javafx.controls.jar;D:\Programok\Java_11\javafx-sdk-11.0.2\lib\javafx.graphics.jar;C:\Users\TomiMan\.m2\repository\com\google\code\gson\gson\2.8.5\gson-2.8.5.jar
Launcher Type: SUN_STANDARD

[Global flags]
     intx CICompilerCount                          = 3                                         {product} {ergonomic}
     uint ConcGCThreads                            = 1                                         {product} {ergonomic}
     uint G1ConcRefinementThreads                  = 4                                         {product} {ergonomic}
   size_t G1HeapRegionSize                         = 1048576                                   {product} {ergonomic}
    uintx GCDrainStackTargetSize                   = 64                                        {product} {ergonomic}
   size_t InitialHeapSize                          = 132120576                                 {product} {ergonomic}
   size_t MarkStackSize                            = 4194304                                   {product} {ergonomic}
   size_t MaxHeapSize                              = 2113929216                                {product} {ergonomic}
   size_t MinHeapDeltaBytes                        = 1048576                                   {product} {ergonomic}
    uintx NonNMethodCodeHeapSize                   = 5830092                                {pd product} {ergonomic}
    uintx NonProfiledCodeHeapSize                  = 122914074                              {pd product} {ergonomic}
    uintx ProfiledCodeHeapSize                     = 122914074                              {pd product} {ergonomic}
    uintx ReservedCodeCacheSize                    = 251658240                              {pd product} {ergonomic}
     bool SegmentedCodeCache                       = true                                      {product} {ergonomic}
     bool UseCompressedClassPointers               = true                                 {lp64_product} {ergonomic}
     bool UseCompressedOops                        = true                                 {lp64_product} {ergonomic}
     bool UseG1GC                                  = true                                      {product} {ergonomic}
     bool UseLargePagesIndividualAllocation        = false                                  {pd product} {ergonomic}

Logging:
Log output configuration:
 #0: stdout all=warning uptime,level,tags
 #1: stderr all=off uptime,level,tags

Environment Variables:
JAVA_HOME=D:\Programok\Java_11\jdk-11.0.3
PATH=D:\Programok\Java_11\jdk-11.0.3\bin;C:\WINDOWS\system32;C:\WINDOWS;C:\WINDOWS\System32\Wbem;C:\WINDOWS\System32\WindowsPowerShell\v1.0\;C:\WINDOWS\system32;C:\WINDOWS;C:\WINDOWS\System32\Wbem;C:\WINDOWS\System32\WindowsPowerShell\v1.0\;C:\WINDOWS\System32\OpenSSH\;C:\Program Files\dotnet\;C:\Program Files\Microsoft SQL Server\130\Tools\Binn\;C:\Program Files (x86)\NVIDIA Corporation\PhysX\Common;D:\ProgramokMATLAB\R2018b\runtime\win64;D:\ProgramokMATLAB\R2018b\bin;D:\Programok\Git\cmd;D:\ProgramData\Oracle\Java\javapath;C:\Users\TomiMan\AppData\Local\Microsoft\WindowsApps;D:\Programok\IntelliJ IDEA Community Edition 2019.1.1\bin;C:\Users\TomiMan\AppData\Local\GitHubDesktop\bin;D:\Programok\apache-maven-3.6.1\bin;
USERNAME=TomiMan
OS=Windows_NT
PROCESSOR_IDENTIFIER=Intel64 Family 6 Model 142 Stepping 9, GenuineIntel



---------------  S Y S T E M  ---------------

OS: Windows 10 , 64 bit Build 17134 (10.0.17134.706)

CPU:total 4 (initial active 4) (2 cores per cpu, 2 threads per core) family 6 model 142 stepping 9, cmov, cx8, fxsr, mmx, sse, sse2, sse3, ssse3, sse4.1, sse4.2, popcnt, avx, avx2, aes, clmul, erms, 3dnowpref, lzcnt, ht, tsc, tscinvbit, bmi1, bmi2, adx, fma

Memory: 4k page, system-wide physical 8060M (1295M free)
TotalPageFile size 8060M (AvailPageFile size 121M)
current process WorkingSet (physical memory assigned to process): 10M, peak: 10M
current process commit charge ("private bytes"): 52M, peak: 178M

vm_info: Java HotSpot(TM) 64-Bit Server VM (11.0.3+12-LTS) for windows-amd64 JRE (11.0.3+12-LTS), built on Apr  2 2019 12:43:09 by "mach5one" with MS VC++ 15.5 (VS2017)

END.
